1632
0
1
cd-a 1
1
2
ehb-b 2
dab-b 2
2
3
fcd-c 1
dgj-c 1
dgc-c 1
3
6
cbd-d 1
cd-d 1
ii-d 1
hcj-d 1
bjg-d 1
bcb-d 1
4
1
hic-e 2
5
5
jbb-f 2
jcc-f 2
bc-f 2
ff-f 2
bdjf-f 2
6
5
eie-g 2
gic-g 2
ehc-g 2
iee-g 2
bedj-g 2
7
1
bfa-h 2
8
3
gie-i 2
geg-i 2
bahi-i 2
9
3
heg-j 1
ce-j 1
fbj-j 1
10
1
dhf-ba 1
11
7
bee-bb 1
cd-bb 1
bgf-bb 1
bcef-bb 1
bcea-bb 1
bcb-bb 1
bae-bb 1
12
6
baid-bc 2
ccj-bc 2
ddf-bc 2
daa-bc 2
dgf-bc 2
hbf-bc 2
13
2
cch-bd 1
bejh-bd 1
14
4
bbbj-be 1
babg-be 1
fec-be 1
beai-be 1
15
1
hi-bf 1
16
6
gge-bg 1
jf-bg 1
fib-bg 1
iag-bg 1
bdii-bg 1
baae-bg 1
17
3
bgeh-bh 1
hjd-bh 1
ihi-bh 1
18
5
feh-bi 1
hej-bi 1
babg-bi 1
bc-bi 1
fic-bi 1
19
8
cii-bj 2
db-bj 2
hcj-bj 2
bc-bj 2
ch-bj 2
dhf-bj 2
dg-bj 2
bdbf-bj 2
20
4
bai-ca 1
dfg-ca 1
gjh-ca 1
cd-ca 1
21
3
dcc-cb 1
did-cb 1
edb-cb 1
22
4
dgf-cc 2
jgi-cc 2
ff-cc 2
badc-cc 2
23
6
bhd-cd 1
dbg-cd 1
gfa-cd 1
ffb-cd 1
bcaj-cd 1
fae-cd 1
24
3
ef-ce 1
jgf-ce 1
jag-ce 1
25
4
fhg-cf 1
bbci-cf 1
eac-cf 1
def-cf 1
26
6
eh-cg 2
bd-cg 2
deg-cg 2
chb-cg 2
deb-cg 2
hhc-cg 2
27
6
ddb-ch 1
jgg-ch 1
dji-ch 1
cd-ch 1
hch-ch 1
bjd-ch 1
28
5
bffg-ci 2
hif-ci 2
befi-ci 2
gbg-ci 2
hfh-ci 2
29
3
bfgd-cj 1
fbi-cj 1
egd-cj 1
30
8
bhd-da 1
eej-da 1
fai-da 1
beib-da 1
bdf-da 1
ea-da 1
gda-da 1
bcei-da 1
31
6
bc-db 1
cfj-db 1
cd-db 1
bbde-db 1
cbh-db 1
gi-db 1
32
6
iag-dc 1
ecg-dc 1
jbf-dc 1
ifh-dc 1
bbgj-dc 1
iej-dc 1
33
1
babg-dd 2
34
2
eih-de 1
bhe-de 1
35
5
iei-df 2
ibf-df 2
igi-df 2
gc-df 2
bfgb-df 2
36
7
bcii-dg 1
bcag-dg 1
bebe-dg 1
bdfc-dg 1
cee-dg 1
hah-dg 1
bgfe-dg 1
37
4
db-dh 1
gcd-dh 1
hha-dh 1
bagf-dh 1
38
1
haf-di 1
39
2
ef-dj 2
cbh-dj 2
40
5
cgg-ea 2
jff-ea 2
fda-ea 2
eee-ea 2
jjh-ea 2
41
3
bbfc-eb 1
hac-eb 1
cdi-eb 1
42
5
fi-ec 2
fc-ec 2
ci-ec 2
ege-ec 2
cdc-ec 2
43
4
bcia-ed 2
bfdc-ed 2
ech-ed 2
eb-ed 2
44
3
ejg-ee 2
bacc-ee 2
cfb-ee 2
45
7
egh-ef 1
cij-ef 1
beeh-ef 1
bgb-ef 1
ige-ef 1
cih-ef 1
bgd-ef 1
46
4
bcd-eg 2
ggg-eg 2
cbg-eg 2
ffd-eg 2
47
5
bjb-eh 1
bbfg-eh 1
fdd-eh 1
gdh-eh 1
bbei-eh 1
48
4
bcjf-ei 2
jfj-ei 2
bbje-ei 2
cbh-ei 2
49
3
jia-ej 2
cd-ej 2
baig-ej 2
50
5
jji-fa 1
hg-fa 1
bc-fa 1
dhe-fa 1
bcb-fa 1
51
3
dfa-fb 1
bcch-fb 1
bdc-fb 1
52
5
eab-fc 1
jb-fc 1
bcj-fc 1
fif-fc 1
bfch-fc 1
53
2
dhe-fd 1
dd-fd 1
54
1
jic-fe 2
55
7
bdcg-ff 2
bed-ff 2
dbd-ff 2
ic-ff 2
cje-ff 2
bdf-ff 2
gb-ff 2
56
1
bfaf-fg 1
57
7
jjd-fh 1
jh-fh 1
ccb-fh 1
d-fh 1
bdb-fh 1
jie-fh 1
bejb-fh 1
58
3
hee-fi 1
fg-fi 1
bfdg-fi 1
59
7
bea-fj 1
dbg-fj 1
ddg-fj 1
bcha-fj 1
ff-fj 1
ifd-fj 1
hfh-fj 1
60
6
cg-ga 1
fga-ga 1
dac-ga 1
bi-ga 1
eah-ga 1
cih-ga 1
61
2
bbeb-gb 1
bbjc-gb 1
62
5
bga-gc 1
j-gc 1
gge-gc 1
bdfa-gc 1
eie-gc 1
63
5
dai-gd 1
bfgc-gd 1
daj-gd 1
icd-gd 1
cfj-gd 1
64
1
g-ge 2
65
1
cgh-gf 2
66
5
idf-gg 2
cdh-gg 2
jdj-gg 2
jhg-gg 2
bfjf-gg 2
67
1
bddh-gh 2
68
3
cbe-gi 1
ch-gi 1
bcff-gi 1
69
3
gjj-gj 2
edh-gj 2
baad-gj 2
70
3
db-ha 1
ecc-ha 1
bda-ha 1
71
2
iaa-hb 1
efh-hb 1
72
3
ejc-hc 1
cif-hc 1
dbf-hc 1
74
7
bcd-he 2
bgi-he 2
hc-he 2
gij-he 2
gig-he 2
bebb-he 2
bcjc-he 2
75
4
dah-hf 2
da-hf 2
bdbc-hf 2
hie-hf 2
76
4
dfj-hg 2
bja-hg 2
gbd-hg 2
cgj-hg 2
77
7
bjb-hh 2
jae-hh 2
beic-hh 2
caa-hh 2
gcj-hh 2
cae-hh 2
bdh-hh 2
78
3
baec-hi 1
ihf-hi 1
iba-hi 1
79
2
gfg-hj 2
jfc-hj 2
80
2
bdjd-ia 2
bfeh-ia 2
81
4
dad-ib 1
ghd-ib 1
dea-ib 1
gia-ib 1
82
2
fdf-ic 1
bedh-ic 1
83
4
gbg-id 2
ej-id 2
ebd-id 2
eab-id 2
84
4
dej-ie 1
fbb-ie 1
haj-ie 1
eeh-ie 1
85
2
bcge-if 2
bfce-if 2
86
1
baif-ig 2
87
3
cgh-ih 2
bba-ih 2
bcfj-ih 2
88
6
bacd-ii 2
bacj-ii 2
eig-ii 2
dgc-ii 2
chf-ii 2
bgfi-ii 2
89
4
dbi-ij 2
ife-ij 2
bcd-ij 2
fbc-ij 2
90
2
bei-ja 1
hij-ja 1
91
2
bhe-jb 2
bc-jb 2
92
6
babi-jc 1
hj-jc 1
gii-jc 1
fci-jc 1
gbe-jc 1
bbjg-jc 1
93
2
fhj-jd 2
cae-jd 2
94
6
gdf-je 2
bfc-je 2
bbi-je 2
bi-je 2
bfgb-je 2
fcf-je 2
95
3
dfc-jf 1
iae-jf 1
gbd-jf 1
96
3
beb-jg 1
daf-jg 1
ec-jg 1
97
6
bcbf-jh 2
ecj-jh 2
dai-jh 2
ei-jh 2
hib-jh 2
bbfg-jh 2
98
5
bccj-ji 2
gbe-ji 2
idd-ji 2
beaa-ji 2
bdjh-ji 2
99
3
bcee-jj 1
dej-jj 1
fgf-jj 1
100
4
fhg-baa 2
dig-baa 2
bfg-baa 2
efg-baa 2
101
4
eic-bab 1
chf-bab 1
ede-bab 1
jhg-bab 1
102
4
gja-bac 1
hj-bac 1
bfe-bac 1
da-bac 1
103
3
jid-bad 2
bfi-bad 2
bha-bad 2
104
4
cd-bae 2
dgj-bae 2
bdga-bae 2
ceg-bae 2
105
5
bcb-baf 2
cgb-baf 2
bdbh-baf 2
cbg-baf 2
cj-baf 2
106
6
fic-bag 2
baab-bag 2
bfce-bag 2
ede-bag 2
dad-bag 2
bbfi-bag 2
107
6
bbcc-bah 2
ifd-bah 2
deg-bah 2
hbf-bah 2
ddf-bah 2
gjh-bah 2
108
2
bda-bai 1
cfj-bai 1
109
6
chf-baj 1
cjg-baj 1
db-baj 1
bda-baj 1
eg-baj 1
ddb-baj 1
110
5
je-bba 1
dic-bba 1
hi-bba 1
gdc-bba 1
fbe-bba 1
111
4
d-bbb 1
edb-bbb 1
fdh-bbb 1
bdh-bbb 1
112
4
gbg-bbc 1
jje-bbc 1
chf-bbc 1
dgb-bbc 1
113
2
gca-bbd 1
bja-bbd 1
114
3
cie-bbe 1
ehd-bbe 1
cb-bbe 1
115
5
dfc-bbf 1
bage-bbf 1
bej-bbf 1
fj-bbf 1
bei-bbf 1
116
6
iff-bbg 1
eba-bbg 1
bbbj-bbg 1
cbd-bbg 1
eg-bbg 1
gdc-bbg 1
117
3
ehi-bbh 1
gjh-bbh 1
bacc-bbh 1
118
8
gfd-bbi 2
ib-bbi 2
bech-bbi 2
cbb-bbi 2
beeh-bbi 2
ige-bbi 2
beb-bbi 2
cea-bbi 2
119
5
ige-bbj 2
baja-bbj 2
eh-bbj 2
bbag-bbj 2
fag-bbj 2
120
6
cji-bca 2
gae-bca 2
eae-bca 2
bae-bca 2
cc-bca 2
gaf-bca 2
121
4
fba-bcb 2
bdea-bcb 2
bbdg-bcb 2
bbgc-bcb 2
122
5
hgb-bcc 1
jg-bcc 1
bbff-bcc 1
bebg-bcc 1
bbab-bcc 1
123
4
ddj-bcd 1
eed-bcd 1
iie-bcd 1
jec-bcd 1
124
8
gef-bce 1
bb-bce 1
edi-bce 1
bagd-bce 1
bi-bce 1
fed-bce 1
gc-bce 1
ccc-bce 1
125
4
deg-bcf 2
gih-bcf 2
cea-bcf 2
ddj-bcf 2
126
6
g-bcg 1
cah-bcg 1
hcj-bcg 1
bhj-bcg 1
dgg-bcg 1
dbg-bcg 1
127
6
bgbf-bch 2
bfc-bch 2
ecb-bch 2
dfd-bch 2
gad-bch 2
fbh-bch 2
128
7
bbf-bci 2
fi-bci 2
bagb-bci 2
bbc-bci 2
fag-bci 2
bcbc-bci 2
bbhe-bci 2
129
7
bah-bcj 2
cjh-bcj 2
iff-bcj 2
eac-bcj 2
cjg-bcj 2
icj-bcj 2
bbf-bcj 2
130
6
eh-bda 1
dfj-bda 1
fbe-bda 1
dhg-bda 1
ia-bda 1
ffa-bda 1
131
8
cda-bdb 2
jbg-bdb 2
djh-bdb 2
fib-bdb 2
bfc-bdb 2
bhb-bdb 2
efd-bdb 2
deh-bdb 2
132
9
fee-bdc 1
bbah-bdc 1
bbjh-bdc 1
bec-bdc 1
cfc-bdc 1
bbfe-bdc 1
fdc-bdc 1
jbg-bdc 1
bfea-bdc 1
133
5
bece-bdd 2
bjf-bdd 2
efa-bdd 2
bja-bdd 2
bcgc-bdd 2
134
6
hhi-bde 1
beec-bde 1
bba-bde 1
iah-bde 1
bdh-bde 1
gge-bde 1
135
6
gea-bdf 1
bbab-bdf 1
hc-bdf 1
bhe-bdf 1
hcg-bdf 1
gbf-bdf 1
136
7
dhi-bdg 1
jdg-bdg 1
djj-bdg 1
cha-bdg 1
bbij-bdg 1
ch-bdg 1
bahh-bdg 1
137
4
edg-bdh 2
jjg-bdh 2
feh-bdh 2
ce-bdh 2
138
6
bcfj-bdi 1
ich-bdi 1
iic-bdi 1
bffi-bdi 1
jbe-bdi 1
gci-bdi 1
139
6
igb-bdj 1
jfe-bdj 1
bbbh-bdj 1
hhc-bdj 1
geh-bdj 1
igg-bdj 1
140
3
fif-bea 1
dgc-bea 1
dgb-bea 1
141
7
cbg-beb 1
fe-beb 1
djg-beb 1
edh-beb 1
ffd-beb 1
dci-beb 1
hia-beb 1
142
8
ii-bec 1
hff-bec 1
bdh-bec 1
ica-bec 1
eei-bec 1
hea-bec 1
hj-bec 1
bdei-bec 1
143
5
cfa-bed 2
ica-bed 2
feh-bed 2
begd-bed 2
cd-bed 2
144
4
dfg-bee 1
bbej-bee 1
bgbe-bee 2
gjd-bee 1
145
4
fgj-bef 1
jei-bef 1
bjd-bef 1
dai-bef 1
146
5
hgd-beg 2
bef-beg 2
bja-beg 2
ea-beg 2
fei-beg 2
147
9
jbj-beh 1
ieh-beh 1
hi-beh 1
ef-beh 1
cia-beh 1
gdd-beh 1
ccg-beh 1
bab-beh 1
ih-beh 1
148
5
jbi-bei 2
becg-bei 2
bcgi-bei 2
jca-bei 2
fge-bei 2
149
5
cdi-bej 1
dbi-bej 1
bec-bej 1
fif-bej 1
bdb-bej 1
150
5
egg-bfa 2
cdf-bfa 2
ddd-bfa 2
ifi-bfa 2
cjd-bfa 2
151
2
fda-bfb 1
bdji-bfb 1
152
8
ifh-bfc 2
cei-bfc 2
fbb-bfc 2
bafi-bfc 2
fcb-bfc 2
dcb-bfc 2
dhb-bfc 2
gbi-bfc 2
153
3
haa-bfd 2
jgi-bfd 2
cie-bfd 2
154
5
dch-bfe 2
gbc-bfe 2
cgh-bfe 2
hff-bfe 2
baea-bfe 2
155
4
bcie-bff 2
fdh-bff 2
gfe-bff 2
eec-bff 2
156
7
bef-bfg 2
be-bfg 2
efi-bfg 2
hhe-bfg 2
fh-bfg 2
bgac-bfg 2
hj-bfg 2
157
4
bae-bfh 1
baf-bfh 1
eaa-bfh 1
gcj-bfh 1
158
7
ecj-bfi 2
jhe-bfi 2
idg-bfi 2
bacf-bfi 2
bgci-bfi 2
ich-bfi 2
gaa-bfi 2
159
5
gif-bfj 1
jjj-bfj 1
ded-bfj 1
gce-bfj 1
bii-bfj 1
160
2
efe-bga 2
hbd-bga 2
161
6
hea-bgb 2
bahe-bgb 2
dff-bgb 2
bcga-bgb 2
bedd-bgb 2
cgc-bgb 2
162
6
cff-bgc 1
cgd-bgc 1
fd-bgc 1
ffi-bgc 1
ehc-bgc 1
bdeh-bgc 1
163
5
f-bgd 1
gd-bgd 1
dbj-bgd 1
edg-bgd 1
bgdh-bgd 1
164
3
d-bge 1
hci-bge 1
jif-bge 1
165
4
bd-bgf 2
baih-bgf 2
iaa-bgf 2
bie-bgf 2
166
6
id-bgg 1
bdde-bgg 1
babe-bgg 1
heh-bgg 1
bcaa-bgg 1
ehg-bgg 1
167
5
dbg-bgh 2
cej-bgh 2
be-bgh 2
cgg-bgh 2
bfgh-bgh 2
168
8
eij-bgi 2
daj-bgi 2
cej-bgi 2
dda-bgi 2
bhh-bgi 2
baa-bgi 2
bc-bgi 2
cbi-bgi 2
169
5
djh-bgj 2
hbh-bgj 2
jai-bgj 2
hch-bgj 2
bffe-bgj 2
170
6
bi-bha 2
gi-bha 2
edd-bha 2
bde-bha 2
ddd-bha 2
bff-bha 2
171
5
fcb-bhb 1
ih-bhb 1
cda-bhb 1
hhd-bhb 1
bfbi-bhb 1
172
6
edf-bhc 2
bfe-bhc 2
gfg-bhc 2
eje-bhc 2
bbfd-bhc 2
bagf-bhc 2
173
4
eed-bhd 1
bcb-bhd 1
hj-bhd 1
gii-bhd 1
174
5
chd-bhe 2
daa-bhe 2
bgj-bhe 2
ebi-bhe 2
cfe-bhe 2
175
5
ech-bhf 2
dgi-bhf 2
bci-bhf 2
ca-bhf 2
jga-bhf 2
176
6
iga-bhg 1
cfi-bhg 1
cdi-bhg 1
babb-bhg 1
baf-bhg 1
bci-bhg 1
177
3
efe-bhh 1
cch-bhh 1
bai-bhh 1
178
5
cdb-bhi 1
gbb-bhi 1
bacb-bhi 1
ibh-bhi 1
eaj-bhi 1
179
6
bafb-bhj 1
cb-bhj 1
fha-bhj 1
hg-bhj 1
ghd-bhj 1
hbc-bhj 1
180
4
hi-bia 1
dac-bia 1
cch-bia 1
bjg-bia 1
181
3
fhc-bib 1
hjj-bib 1
eae-bib 1
182
3
baa-bic 1
hdc-bic 1
eee-bic 1
183
4
bajd-bid 2
dec-bid 2
bef-bid 2
beh-bid 2
184
11
cdc-bie 1
cfe-bie 1
eig-bie 1
bae-bie 1
dbe-bie 1
bef-bie 1
bcc-bie 1
bbc-bie 1
bcai-bie 1
hdd-bie 1
bde-bie 1
185
5
bahf-bif 1
cji-bif 1
babf-bif 1
je-bif 1
bgcg-bif 1
186
2
deg-big 1
bdde-big 1
187
4
dcf-bih 2
bcff-bih 2
ccj-bih 2
hef-bih 2
188
5
bga-bii 2
ejd-bii 2
dfa-bii 2
caj-bii 2
bcej-bii 2
189
6
cha-bij 1
eab-bij 1
gfi-bij 1
cia-bij 1
bcj-bij 1
ba-bij 1
190
3
dig-bja 2
dca-bja 2
ded-bja 2
191
4
bbee-bjb 1
db-bjb 1
bcdb-bjb 1
fed-bjb 1
192
5
ggh-bjc 1
baad-bjc 1
ibe-bjc 1
eia-bjc 1
bagc-bjc 1
193
3
bij-bjd 1
ghb-bjd 1
hdg-bjd 1
194
4
cga-bje 1
ecd-bje 1
dgf-bje 1
eja-bje 1
195
6
baff-bjf 4
ecg-bjf 2
hie-bjf 2
hii-bjf 2
hic-bjf 2
bccc-bjf 2
196
3
cec-bjg 1
df-bjg 1
dih-bjg 1
197
5
djg-bjh 2
bcb-bjh 2
jeb-bjh 2
gfd-bjh 2
cd-bjh 2
198
1
beeb-bji 2
199
4
jhe-bjj 1
baad-bjj 1
gci-bjj 1
edg-bjj 1
200
5
hfg-caa 2
bafd-caa 2
djj-caa 2
ecb-caa 2
jgd-caa 2
201
6
jca-cab 1
bef-cab 1
jbg-cab 1
daf-cab 1
bdg-cab 1
cjd-cab 1
202
5
cgd-cac 2
djc-cac 2
fid-cac 2
bbdh-cac 2
dbf-cac 2
203
3
edd-cad 1
icg-cad 1
ege-cad 1
204
8
hhb-cae 1
chb-cae 1
cci-cae 1
bccg-cae 1
gdi-cae 1
bea-cae 1
bcb-cae 1
jcd-cae 1
205
2
bafb-caf 1
gag-caf 1
206
3
cie-cag 2
ebb-cag 2
fbi-cag 2
207
6
fde-cah 2
bebe-cah 2
cce-cah 2
bahc-cah 2
ih-cah 2
fac-cah 2
208
1
jda-cai 2
209
4
ghh-caj 2
jh-caj 2
eba-caj 2
eji-caj 2
210
4
bgdd-cba 1
bfi-cba 1
bccb-cba 1
bbjf-cba 1
211
5
da-cbb 1
ihc-cbb 1
cge-cbb 1
ca-cbb 1
be-cbb 1
212
2
bcdg-cbc 1
efg-cbc 1
213
8
bcdc-cbd 2
jfc-cbd 2
chb-cbd 2
ehe-cbd 2
jej-cbd 2
cec-cbd 2
bif-cbd 2
eag-cbd 2
214
1
bbcc-cbe 1
215
2
bff-cbf 1
cdj-cbf 1
216
4
becj-cbg 1
bbfi-cbg 1
hjj-cbg 1
bdg-cbg 1
217
5
caj-cbh 2
ej-cbh 2
jhi-cbh 2
bfg-cbh 2
bhi-cbh 2
218
2
ebh-cbi 1
ede-cbi 1
219
5
hi-cbj 2
dcf-cbj 2
gjj-cbj 2
jec-cbj 2
db-cbj 2
220
5
bbi-cca 1
ehi-cca 1
bbdb-cca 1
ihg-cca 1
eea-cca 1
221
6
bjj-ccb 2
d-ccb 2
ddd-ccb 2
ejj-ccb 2
eig-ccb 2
jeh-ccb 2
222
3
eag-ccc 2
bcda-ccc 2
jfh-ccc 2
223
6
ecd-ccd 1
dhh-ccd 1
eae-ccd 1
feh-ccd 1
cjf-ccd 1
bajb-ccd 1
224
4
bdc-cce 2
daf-cce 2
bceh-cce 2
hdf-cce 2
225
7
ghd-ccf 2
jeg-ccf 2
ihi-ccf 2
dca-ccf 2
hcc-ccf 2
ga-ccf 2
bfdd-ccf 2
226
5
hjh-ccg 2
ide-ccg 2
hde-ccg 2
bahi-ccg 2
bih-ccg 2
227
3
egd-cch 1
ice-cch 1
baaf-cch 1
228
3
haf-cci 1
bgbg-cci 1
bbfd-cci 1
229
6
bch-ccj 1
gdf-ccj 1
hji-ccj 1
j-ccj 1
eeb-ccj 1
cch-ccj 1
230
3
jae-cda 2
dd-cda 2
ejd-cda 2
231
4
fcf-cdb 1
ejg-cdb 1
bff-cdb 1
jaa-cdb 1
232
6
fad-cdc 1
ccj-cdc 1
hjg-cdc 1
eb-cdc 1
gac-cdc 1
ddj-cdc 1
233
2
bebi-cdd 2
db-cdd 2
234
7
hhb-cde 2
bdia-cde 2
fff-cde 2
gge-cde 2
bj-cde 2
bjb-cde 2
bi-cde 2
235
5
badh-cdf 2
iee-cdf 2
dfa-cdf 2
bhj-cdf 2
fjc-cdf 2
236
6
bfjd-cdg 1
bdf-cdg 1
dff-cdg 1
cid-cdg 1
gcf-cdg 1
eif-cdg 1
237
3
bbja-cdh 1
gfd-cdh 1
gd-cdh 1
238
4
deb-cdi 2
jbc-cdi 2
j-cdi 2
beha-cdi 2
239
3
ega-cdj 2
hgg-cdj 2
chh-cdj 2
240
6
gbi-cea 2
jaj-cea 2
cfi-cea 2
che-cea 2
be-cea 2
cac-cea 2
241
6
bch-ceb 2
dfe-ceb 2
bfj-ceb 2
cii-ceb 2
dhh-ceb 2
bdea-ceb 2
242
4
bdg-cec 1
bad-cec 1
bbc-cec 1
bajb-cec 1
243
3
bbgc-ced 2
efg-ced 2
cah-ced 2
244
3
jhc-cee 1
ic-cee 1
eej-cee 1
245
4
bbec-cef 2
dab-cef 2
bfi-cef 2
bha-cef 2
246
4
cah-ceg 2
iag-ceg 2
gdg-ceg 2
bfa-ceg 2
247
4
cic-ceh 1
eeg-ceh 1
gdd-ceh 1
bje-ceh 1
248
5
bfb-cei 2
ddf-cei 2
dgf-cei 2
ehj-cei 2
fhi-cei 2
249
8
jej-cej 1
bbee-cej 1
bda-cej 1
gig-cej 1
ef-cej 1
dif-cej 1
bh-cej 1
bbeg-cej 1
250
5
ice-cfa 2
eb-cfa 2
bdhb-cfa 2
hdi-cfa 2
gei-cfa 2
251
7
baga-cfb 2
gje-cfb 2
fc-cfb 2
g-cfb 2
cea-cfb 2
fgg-cfb 2
fhe-cfb 2
252
3
eca-cfc 2
gef-cfc 2
ieg-cfc 2
253
6
ccg-cfd 1
bchd-cfd 1
a-cfd 1
geb-cfd 1
cje-cfd 1
bcdh-cfd 1
254
2
ijc-cfe 2
jf-cfe 2
255
5
hda-cff 1
egj-cff 1
bafc-cff 1
hjf-cff 1
ejg-cff 1
256
4
ej-cfg 1
gic-cfg 1
bbdg-cfg 1
bfdb-cfg 1
257
7
gbg-cfh 2
cid-cfh 2
baj-cfh 2
cie-cfh 2
fjh-cfh 2
bbee-cfh 2
bee-cfh 2
258
5
dhi-cfi 2
eec-cfi 2
bcfi-cfi 2
badf-cfi 2
chd-cfi 2
259
6
beb-cfj 1
cfi-cfj 1
dib-cfj 1
bd-cfj 1
fh-cfj 1
efb-cfj 1
260
6
cah-cga 1
chf-cga 1
cgd-cga 1
bcjf-cga 1
bhb-cga 1
chj-cga 1
261
4
deb-cgb 1
dhd-cgb 1
gdf-cgb 1
da-cgb 1
262
5
fji-cgc 2
ica-cgc 2
ee-cgc 2
hdb-cgc 2
hfc-cgc 2
263
6
bafd-cgd 2
bec-cgd 2
bajg-cgd 2
dcj-cgd 2
dcf-cgd 2
bafi-cgd 2
264
5
bfc-cge 1
fh-cge 1
cci-cge 1
bba-cge 1
hai-cge 1
265
4
ibe-cgf 2
gie-cgf 2
fcc-cgf 2
bgbh-cgf 2
266
5
bdh-cgg 2
dib-cgg 2
fhc-cgg 2
bgae-cgg 2
bii-cgg 2
267
5
babb-cgh 1
hc-cgh 1
hif-cgh 1
bdhc-cgh 2
cag-cgh 1
268
5
daf-cgi 1
djh-cgi 1
ia-cgi 1
fdh-cgi 1
baaa-cgi 1
269
4
dgg-cgj 2
fei-cgj 2
eag-cgj 2
ifi-cgj 2
270
6
dhj-cha 1
gfh-cha 1
dcb-cha 1
ged-cha 1
bhi-cha 1
egj-cha 1
271
3
fff-chb 2
eci-chb 2
bcbi-chb 2
272
4
jhd-chc 1
bbfj-chc 1
hba-chc 1
jfb-chc 1
273
4
dfj-chd 1
ebh-chd 1
cjc-chd 1
bfbg-chd 1
274
2
befj-che 2
dbj-che 2
275
5
ehb-chf 2
hfb-chf 2
did-chf 2
fch-chf 2
eca-chf 2
276
3
edh-chg 2
iab-chg 2
hja-chg 2
277
2
cid-chh 1
ca-chh 1
278
6
hga-chi 2
ibj-chi 2
bbea-chi 2
bbc-chi 2
jeh-chi 2
cee-chi 2
279
6
jg-chj 2
bgh-chj 2
fjd-chj 2
dia-chj 2
hhi-chj 2
fg-chj 2
280
4
jj-cia 2
jej-cia 2
eie-cia 2
cce-cia 2
281
5
hh-cib 2
bcce-cib 2
bdhh-cib 2
eha-cib 2
bdhb-cib 2
282
3
igc-cic 2
dhi-cic 2
bbi-cic 2
283
11
cab-cid 2
hgg-cid 2
ebi-cid 2
fic-cid 2
fcf-cid 2
cjb-cid 2
dfa-cid 2
dfd-cid 2
ehb-cid 2
bdh-cid 2
bii-cid 2
284
3
gg-cie 2
bih-cie 2
jfi-cie 4
285
8
dcb-cif 2
idd-cif 2
gfe-cif 2
bcja-cif 2
dgb-cif 2
baed-cif 2
dae-cif 2
bbai-cif 2
286
5
hdd-cig 2
dge-cig 2
eef-cig 2
hbj-cig 2
bbac-cig 2
287
2
icg-cih 1
cda-cih 1
288
6
ggd-cii 1
gc-cii 1
dad-cii 1
gbi-cii 1
cah-cii 1
baha-cii 1
289
3
ch-cij 1
bgi-cij 1
dgf-cij 1
290
5
ija-cja 1
ehg-cja 1
hcj-cja 1
bcaa-cja 1
ead-cja 1
291
3
jbi-cjb 1
bagh-cjb 1
beba-cjb 1
292
4
bcih-cjc 1
db-cjc 1
bada-cjc 1
bfgi-cjc 1
293
2
bdaa-cjd 1
eje-cjd 1
294
3
bbi-cje 1
fje-cje 1
cea-cje 1
295
2
cgb-cjf 2
dba-cjf 2
296
1
cgb-cjg 2
297
4
hhf-cjh 2
jfd-cjh 2
he-cjh 2
da-cjh 2
298
6
bdcg-cji 2
id-cji 2
dbj-cji 2
bee-cji 2
hbd-cji 2
bdce-cji 2
299
6
bfeb-cjj 2
bgh-cjj 2
bcie-cjj 2
cc-cjj 2
fci-cjj 2
jah-cjj 2
300
6
ih-daa 2
fh-daa 2
bfde-daa 2
edd-daa 2
bbhc-daa 2
jjb-daa 2
301
6
icf-dab 1
ede-dab 1
cjh-dab 1
hi-dab 1
bace-dab 1
bef-dab 1
302
5
bgi-dac 2
fgc-dac 2
iid-dac 2
de-dac 2
dce-dac 2
303
4
dab-dad 2
gfe-dad 2
gcb-dad 2
gfd-dad 2
304
4
fce-dae 1
baaa-dae 1
ebf-dae 1
bcib-dae 1
305
7
bddb-daf 1
bdag-daf 1
jae-daf 1
fbb-daf 1
cha-daf 1
badi-daf 1
bdcb-daf 1
306
3
hcd-dag 2
eb-dag 2
jg-dag 2
307
3
ggg-dah 1
ihj-dah 1
ehc-dah 1
308
5
bchi-dai 2
chh-dai 2
bafa-dai 2
ejb-dai 2
ebd-dai 2
309
6
fae-daj 2
dce-daj 2
dhe-daj 2
ebb-daj 2
fhj-daj 2
geh-daj 2
310
3
gdh-dba 1
bff-dba 1
hhj-dba 1
311
4
eaa-dbb 1
dgi-dbb 1
cjb-dbb 1
dfc-dbb 1
312
2
hca-dbc 1
dah-dbc 1
313
5
bdjf-dbd 2
ceg-dbd 2
bfg-dbd 2
bbg-dbd 2
gcb-dbd 2
314
3
bcaf-dbe 1
dac-dbe 1
dfh-dbe 1
315
7
eid-dbf 1
gdc-dbf 1
ei-dbf 1
bbcb-dbf 1
baad-dbf 1
dac-dbf 1
gib-dbf 2
316
3
dab-dbg 1
ffg-dbg 1
iag-dbg 1
317
5
gfj-dbh 2
cdb-dbh 2
caa-dbh 2
fha-dbh 2
cid-dbh 2
318
5
eia-dbi 2
fah-dbi 2
edd-dbi 2
bcaa-dbi 2
ch-dbi 2
319
6
dhd-dbj 2
cgb-dbj 2
bb-dbj 2
cg-dbj 2
gjf-dbj 2
dad-dbj 2
320
5
jbi-dca 1
badg-dca 1
bda-dca 1
a-dca 1
bdii-dca 1
321
6
gbj-dcb 2
efg-dcb 2
gad-dcb 2
jia-dcb 2
eda-dcb 2
fi-dcb 2
322
9
chf-dcc 1
heg-dcc 1
fbb-dcc 1
eie-dcc 1
jah-dcc 1
cdd-dcc 1
di-dcc 1
gdi-dcc 1
ddf-dcc 1
323
3
cg-dcd 2
cfg-dcd 2
gda-dcd 2
324
3
cce-dce 1
jef-dce 1
ebg-dce 1
325
5
bhe-dcf 2
fea-dcf 2
fce-dcf 2
bbja-dcf 2
cgb-dcf 2
326
2
cd-dcg 1
dca-dcg 1
327
4
bdgc-dch 2
dh-dch 2
cjc-dch 2
jai-dch 2
328
5
dae-dci 1
ddg-dci 1
ehi-dci 1
bcef-dci 1
cge-dci 1
329
5
begb-dcj 2
bde-dcj 2
dhd-dcj 2
dbj-dcj 2
jcg-dcj 2
330
4
cea-dda 1
bjj-dda 1
dai-dda 1
fjj-dda 1
331
6
cjb-ddb 1
ddd-ddb 1
bcea-ddb 1
eig-ddb 1
bdge-ddb 1
bbdj-ddb 1
332
5
bja-ddc 2
ia-ddc 2
dac-ddc 2
beg-ddc 2
bfjb-ddc 2
333
4
hed-ddd 2
gfa-ddd 2
bci-ddd 2
beef-ddd 2
334
8
gaa-dde 1
ghh-dde 1
bbj-dde 1
ejf-dde 1
dbe-dde 1
fbe-dde 1
d-dde 1
ifj-dde 1
335
7
chf-ddf 2
eb-ddf 2
id-ddf 2
jh-ddf 2
bei-ddf 2
fcf-ddf 2
eij-ddf 2
336
3
cgc-ddg 1
eid-ddg 1
cdi-ddg 1
337
4
ech-ddh 1
ef-ddh 1
edi-ddh 1
baa-ddh 1
338
6
jja-ddi 1
ehd-ddi 1
bjc-ddi 1
ef-ddi 1
fib-ddi 1
cfa-ddi 1
339
6
ehi-ddj 1
ihj-ddj 1
ecg-ddj 1
ccd-ddj 1
dia-ddj 1
haa-ddj 1
340
6
ejd-dea 1
ief-dea 1
edh-dea 1
dia-dea 1
ebe-dea 1
bgi-dea 1
341
5
hha-deb 2
hfg-deb 2
fei-deb 2
cbi-deb 2
hgj-deb 2
342
5
bfg-dec 1
bcgh-dec 1
bg-dec 1
ba-dec 1
fdc-dec 1
343
5
bdbb-ded 1
gij-ded 1
jab-ded 1
ddc-ded 1
ihf-ded 1
344
3
fji-dee 1
dej-dee 1
cia-dee 1
345
3
bajh-def 1
ceb-def 1
jfi-def 1
346
5
eec-deg 2
cfb-deg 2
hia-deg 2
cdh-deg 2
fhd-deg 2
347
4
iji-deh 2
gcf-deh 2
ifa-deh 2
dj-deh 2
348
1
fif-dei 2
349
4
babg-dej 1
dif-dej 1
fda-dej 1
bcah-dej 2
350
5
fie-dfa 2
ege-dfa 2
hab-dfa 2
bfb-dfa 2
eai-dfa 2
351
3
bde-dfb 2
e-dfb 2
ehb-dfb 2
352
5
ddc-dfc 1
ca-dfc 1
eb-dfc 1
fgj-dfc 1
fgg-dfc 1
353
6
bfcc-dfd 1
gcb-dfd 1
bga-dfd 1
bbae-dfd 1
da-dfd 1
idj-dfd 1
354
4
ejd-dfe 1
ii-dfe 1
badc-dfe 1
baac-dfe 1
355
5
ife-dff 1
gie-dff 1
jha-dff 1
hii-dff 1
heg-dff 1
356
3
cdj-dfg 2
dhf-dfg 2
eib-dfg 2
357
5
fhb-dfh 2
hg-dfh 2
bbcb-dfh 2
fee-dfh 2
beci-dfh 2
358
3
baac-dfi 1
hgh-dfi 2
egd-dfi 1
359
3
eb-dfj 1
bbah-dfj 1
ejd-dfj 1
360
5
dgi-dga 2
fff-dga 2
bcdg-dga 2
cb-dga 2
g-dga 2
361
1
bcae-dgb 2
362
5
jic-dgc 2
jja-dgc 2
fib-dgc 2
bc-dgc 2
bdbb-dgc 2
363
7
feh-dgd 2
ifb-dgd 2
bfa-dgd 2
badi-dgd 2
ebc-dgd 2
bbjf-dgd 2
bajj-dgd 2
364
6
dc-dge 2
hcj-dge 2
beaa-dge 2
ifc-dge 2
bccf-dge 2
ef-dge 2
365
4
bbba-dgf 2
jfj-dgf 2
dhf-dgf 2
bffd-dgf 2
366
2
bg-dgg 2
bced-dgg 2
367
1
idi-dgh 1
368
5
bbf-dgi 1
ceb-dgi 1
deb-dgi 1
ibf-dgi 1
cgg-dgi 1
369
4
gg-dgj 1
ghb-dgj 1
bea-dgj 1
bcab-dgj 1
370
3
jhi-dha 2
ecg-dha 2
dji-dha 2
371
3
bajb-dhb 1
d-dhb 1
ebh-dhb 1
372
7
dbg-dhc 2
dfg-dhc 2
ccd-dhc 2
bbed-dhc 2
jii-dhc 2
bdab-dhc 2
bbce-dhc 2
373
6
fhc-dhd 1
cdi-dhd 1
hfh-dhd 1
ije-dhd 1
baeg-dhd 1
dgh-dhd 1
374
6
bbhb-dhe 2
bbii-dhe 2
ieg-dhe 2
ehb-dhe 2
dca-dhe 2
bbhi-dhe 2
375
5
ebj-dhf 2
ich-dhf 2
cjd-dhf 2
bcf-dhf 2
baga-dhf 2
376
4
ida-dhg 1
bfe-dhg 1
beab-dhg 1
begf-dhg 1
377
5
gbg-dhh 2
bdac-dhh 2
dgf-dhh 2
bbh-dhh 2
bbb-dhh 2
378
6
fhf-dhi 2
bcab-dhi 2
fjf-dhi 2
ebh-dhi 2
bbbb-dhi 2
ihg-dhi 2
379
7
idc-dhj 1
fce-dhj 1
idf-dhj 1
ecj-dhj 1
begh-dhj 1
icc-dhj 1
ddj-dhj 1
380
4
hge-dia 1
bdc-dia 1
ecg-dia 2
jcc-dia 1
381
4
bgg-dib 1
cfd-dib 1
dhj-dib 1
ffd-dib 1
382
8
jff-dic 1
ebi-dic 1
fh-dic 1
hc-dic 1
edj-dic 1
dih-dic 1
bbgj-dic 1
hhd-dic 1
383
6
bab-did 2
hid-did 2
ccj-did 2
eii-did 2
dhg-did 2
bgj-did 2
384
6
jeb-die 2
dci-die 2
baag-die 2
fig-die 2
fea-die 2
fac-die 2
385
1
bbdh-dif 1
386
3
edj-dig 1
hih-dig 1
fcd-dig 1
387
2
bbjg-dih 2
fdg-dih 2
388
2
bdeg-dii 1
bage-dii 1
389
5
ici-dij 2
cga-dij 1
eai-dij 1
hhe-dij 1
bacf-dij 1
390
2
bdhi-dja 2
bhe-dja 2
391
2
jjj-djb 2
eee-djb 2
392
3
dba-djc 1
jaj-djc 1
ddi-djc 1
393
5
bejh-djd 1
jdd-djd 1
jif-djd 1
cie-djd 1
ifd-djd 1
394
7
hag-dje 2
dbh-dje 2
dbi-dje 2
beaj-dje 2
bbj-dje 2
ddc-dje 2
he-dje 2
395
1
eha-djf 1
396
7
bcc-djg 1
cji-djg 1
efi-djg 1
jbc-djg 1
hca-djg 1
baa-djg 1
bceg-djg 1
397
9
gai-djh 2
bdef-djh 2
bdh-djh 2
cjc-djh 2
djb-djh 2
bif-djh 2
ebi-djh 2
gdg-djh 2
beca-djh 2
398
4
cic-dji 2
cha-dji 2
hhj-dji 2
bahj-dji 2
399
6
caj-djj 1
egi-djj 1
jib-djj 1
bbc-djj 1
dec-djj 1
dda-djj 1
400
7
jbb-eaa 2
bif-eaa 2
eji-eaa 2
ghi-eaa 2
bee-eaa 4
hbg-eaa 2
hjj-eaa 2
401
4
fh-eab 2
chi-eab 2
bdha-eab 2
bbga-eab 2
402
5
big-eac 2
bagg-eac 2
bcc-eac 2
jhi-eac 2
cej-eac 2
403
4
caf-ead 2
dce-ead 2
dj-ead 2
chj-ead 2
404
7
gdc-eae 1
edd-eae 1
fed-eae 1
gai-eae 1
fhi-eae 1
icb-eae 2
bic-eae 1
405
4
ghj-eaf 2
fde-eaf 2
fgj-eaf 2
jc-eaf 2
406
5
ca-eag 1
gff-eag 1
hgb-eag 1
cfa-eag 1
hea-eag 1
407
5
bcaj-eah 2
gdj-eah 2
cgd-eah 2
eca-eah 2
bbcf-eah 4
408
4
efh-eai 1
bbec-eai 1
ffa-eai 1
be-eai 1
409
4
jfa-eaj 1
eae-eaj 1
beec-eaj 1
dfj-eaj 1
410
6
bif-eba 2
bjj-eba 2
cee-eba 2
gih-eba 2
feb-eba 2
bebc-eba 2
411
7
fff-ebb 2
beb-ebb 2
fac-ebb 2
ebg-ebb 2
ggb-ebb 2
ffd-ebb 2
iij-ebb 2
412
3
ecb-ebc 1
bjg-ebc 1
baej-ebc 1
413
8
had-ebd 1
cbb-ebd 1
bdae-ebd 1
cag-ebd 1
ejb-ebd 1
dgi-ebd 1
bcce-ebd 1
badb-ebd 1
414
5
bfhc-ebe 2
df-ebe 2
hfg-ebe 2
dgb-ebe 2
ebb-ebe 2
415
3
ijf-ebf 1
bge-ebf 1
fhf-ebf 1
416
3
dcf-ebg 2
fga-ebg 2
ghg-ebg 2
417
3
bahf-ebh 1
icg-ebh 1
hdg-ebh 1
418
3
ebd-ebi 1
hfe-ebi 1
ebc-ebi 1
419
5
ghd-ebj 1
djj-ebj 1
ehi-ebj 1
igf-ebj 1
jgc-ebj 1
420
5
jff-eca 1
dbf-eca 1
dhi-eca 1
jga-eca 1
eh-eca 1
421
2
daj-ecb 2
bchc-ecb 2
422
8
gce-ecc 2
cd-ecc 2
fbe-ecc 2
idf-ecc 2
edi-ecc 2
babd-ecc 2
bdie-ecc 2
bdch-ecc 2
423
3
jfj-ecd 4
fba-ecd 2
dha-ecd 2
424
4
eeh-ece 1
ecd-ece 1
ici-ece 1
eaa-ece 1
425
4
beh-ecf 2
cib-ecf 2
dh-ecf 2
dgb-ecf 2
426
3
fbc-ecg 2
dfa-ecg 2
bcca-ecg 4
427
5
dbh-ech 1
bajd-ech 1
jjc-ech 1
fcf-ech 1
hcd-ech 1
428
4
hcg-eci 1
dh-eci 1
jac-eci 1
cei-eci 1
429
3
ihi-ecj 1
gbj-ecj 1
fbc-ecj 1
430
7
bbdb-eda 2
dgb-eda 2
eai-eda 2
igj-eda 2
hbd-eda 2
dhf-eda 2
bdcg-eda 2
431
6
ff-edb 1
fb-edb 1
jj-edb 1
iia-edb 1
gec-edb 1
gdd-edb 1
432
4
dci-edc 1
bhb-edc 1
baa-edc 1
ihi-edc 1
433
6
gag-edd 2
dfa-edd 2
ebd-edd 2
bai-edd 2
cbe-edd 2
bdh-edd 2
434
4
jbb-ede 2
ejb-ede 2
ffi-ede 2
jh-ede 2
435
6
ci-edf 2
bdfe-edf 2
dic-edf 2
hba-edf 2
fah-edf 2
bdag-edf 2
436
5
cde-edg 2
ddc-edg 2
jgh-edg 2
ggd-edg 2
ie-edg 2
437
5
beb-edh 1
cfj-edh 1
dah-edh 1
bbgb-edh 1
hcd-edh 1
438
9
egf-edi 2
gah-edi 2
ccg-edi 2
cfj-edi 2
bjd-edi 2
eja-edi 2
baib-edi 2
bda-edi 2
gie-edi 2
439
3
egf-edj 2
egj-edj 2
cfb-edj 2
440
4
bgj-eea 1
gcc-eea 1
djh-eea 1
igj-eea 1
441
4
hgh-eeb 2
dec-eeb 2
bab-eeb 2
hei-eeb 2
442
3
dge-eec 2
hci-eec 2
bha-eec 2
443
4
jhc-eed 2
iaa-eed 4
fcg-eed 2
gcd-eed 2
444
3
fgi-eee 1
idg-eee 1
chb-eee 1
445
5
dej-eef 2
bdg-eef 2
bie-eef 2
bdcd-eef 2
jad-eef 2
446
6
dcc-eeg 2
badg-eeg 2
chg-eeg 2
cfe-eeg 2
dji-eeg 2
bfc-eeg 2
447
2
gbb-eeh 1
fbd-eeh 1
448
5
bih-eei 2
beed-eei 4
ejc-eei 2
fii-eei 2
haj-eei 2
449
4
bcag-eej 2
bbif-eej 2
chc-eej 2
bcih-eej 2
450
6
dhd-efa 1
cbb-efa 1
egc-efa 1
bccg-efa 1
jia-efa 1
hch-efa 1
451
3
eib-efb 2
ehc-efb 2
bbgj-efb 2
452
4
ehd-efc 2
bhh-efc 2
fdg-efc 2
hd-efc 2
453
3
iac-efd 1
igj-efd 1
fei-efd 1
454
2
ija-efe 2
bcdb-efe 4
455
5
hgf-eff 2
jge-eff 2
bbed-eff 2
bjf-eff 2
fff-eff 2
456
4
bbj-efg 2
fii-efg 2
bcad-efg 2
iib-efg 2
457
7
bbeg-efh 1
igc-efh 1
ibb-efh 1
ded-efh 1
iic-efh 1
dci-efh 1
fde-efh 1
458
3
icc-efi 1
eed-efi 1
eec-efi 1
459
6
bbca-efj 2
fhc-efj 2
gde-efj 2
bbfa-efj 2
efe-efj 2
fje-efj 2
460
8
jca-ega 2
bbac-ega 2
bja-ega 2
cbg-ega 2
cgd-ega 2
feh-ega 2
bac-ega 2
icf-ega 2
461
6
hic-egb 2
efi-egb 2
cdg-egb 2
fdb-egb 2
jg-egb 2
bcdf-egb 2
462
2
ccj-egc 2
ddc-egc 2
463
3
bdhg-egd 2
bbf-egd 2
cfa-egd 2
464
6
fdb-ege 1
dib-ege 1
dbb-ege 1
ecb-ege 1
bg-ege 1
ifi-ege 1
465
4
ifd-egf 2
eae-egf 2
cha-egf 2
fge-egf 2
466
5
die-egg 2
idd-egg 2
jia-egg 2
ed-egg 2
eaj-egg 2
467
2
cii-egh 1
iid-egh 1
468
4
cdi-egi 1
efa-egi 1
ghc-egi 1
hef-egi 1
469
6
ibi-egj 1
baih-egj 1
jj-egj 1
dbi-egj 1
jdg-egj 1
ij-egj 1
470
6
bbi-eha 2
fgd-eha 2
bcbi-eha 2
cgh-eha 4
bjj-eha 2
eid-eha 2
471
4
hib-ehb 1
bfc-ehb 1
fei-ehb 1
bj-ehb 1
472
2
cdh-ehc 2
iad-ehc 2
473
4
bffb-ehd 1
dfd-ehd 1
hjj-ehd 1
hcb-ehd 2
474
4
bebj-ehe 2
hje-ehe 2
di-ehe 2
ibh-ehe 2
475
5
cac-ehf 2
caa-ehf 2
fag-ehf 2
hgh-ehf 2
jgj-ehf 2
476
5
edf-ehg 1
bdgh-ehg 1
ddb-ehg 1
cgg-ehg 1
hda-ehg 1
477
5
dcc-ehh 1
ecf-ehh 1
had-ehh 1
dad-ehh 1
gcc-ehh 1
478
3
bbeg-ehi 2
fef-ehi 2
jfd-ehi 2
479
4
eci-ehj 1
bcgj-ehj 1
baeh-ehj 1
hbj-ehj 1
480
5
cjj-eia 2
bfa-eia 2
ddb-eia 2
efb-eia 2
efc-eia 2
481
4
bbbe-eib 1
dg-eib 1
bcji-eib 1
iih-eib 1
482
5
fhi-eic 1
bfef-eic 1
befh-eic 1
bdfb-eic 1
ebb-eic 1
483
6
fbg-eid 1
hc-eid 1
bddi-eid 1
ejg-eid 1
bdg-eid 1
bfhj-eid 1
484
5
ffj-eie 2
baf-eie 2
bbaf-eie 2
gbb-eie 2
gcf-eie 2
485
4
djj-eif 1
hac-eif 1
daa-eif 1
fdf-eif 1
486
4
bfeh-eig 2
ede-eig 2
fdf-eig 2
edi-eig 2
487
5
daa-eih 1
jc-eih 1
ifi-eih 1
efh-eih 1
cag-eih 1
488
4
fij-eii 2
bgb-eii 2
cfd-eii 2
bfdi-eii 2
489
5
dcc-eij 2
dfg-eij 2
bje-eij 2
ief-eij 2
jae-eij 2
490
3
babi-eja 1
iaj-eja 1
hej-eja 1
491
3
bhc-ejb 1
ibd-ejb 1
cdi-ejb 1
492
6
hgb-ejc 2
eia-ejc 2
daj-ejc 2
gji-ejc 2
bcbe-ejc 2
ggd-ejc 2
493
2
ige-ejd 1
iic-ejd 1
494
6
bfj-eje 2
ebj-eje 2
gic-eje 2
cif-eje 2
ege-eje 2
iei-eje 2
495
3
ecf-ejf 1
bgb-ejf 1
bfja-ejf 1
496
4
feg-ejg 1
eb-ejg 1
ghb-ejg 1
chd-ejg 1
497
4
iaa-ejh 2
bbi-ejh 2
idi-ejh 2
egb-ejh 2
498
5
cdd-eji 1
dih-eji 1
hfb-eji 1
d-eji 1
cgh-eji 1
499
2
chf-ejj 1
hif-ejj 1
500
5
ice-faa 2
bbba-faa 2
deg-faa 2
dhg-faa 2
dfb-faa 2
501
2
dda-fab 2
dbf-fab 2
502
5
bbii-fac 1
cbh-fac 1
hbc-fac 1
hdh-fac 1
cbi-fac 1
503
6
baei-fad 2
dih-fad 2
iej-fad 2
cfh-fad 2
bdjg-fad 2
fgd-fad 2
504
4
fej-fae 2
fje-fae 2
bdia-fae 2
baba-fae 2
505
3
ice-faf 1
bcja-faf 1
hid-faf 1
506
5
ggd-fag 1
hcd-fag 1
jif-fag 1
dbf-fag 1
bahb-fag 1
507
1
jbj-fah 2
508
4
bcj-fai 2
fdh-fai 2
gdj-fai 2
badj-fai 2
509
4
iii-faj 2
ga-faj 2
bhe-faj 2
ggb-faj 2
510
4
bge-fba 1
dii-fba 1
cdi-fba 1
bbdb-fba 1
511
5
fid-fbb 1
jgi-fbb 1
fic-fbb 1
jih-fbb 1
geh-fbb 1
512
4
fej-fbc 1
baag-fbc 1
ejh-fbc 1
eeg-fbc 1
513
5
ejj-fbd 2
eai-fbd 2
hej-fbd 2
bih-fbd 2
jhc-fbd 2
514
3
fgi-fbe 2
bajc-fbe 2
bceh-fbe 2
515
1
jbh-fbf 1
516
2
edb-fbg 1
dff-fbg 1
517
6
hca-fbh 1
fdh-fbh 1
ib-fbh 1
bcjg-fbh 1
bc-fbh 1
fgb-fbh 1
518
5
bjb-fbi 1
dcc-fbi 1
cfg-fbi 1
eah-fbi 1
ebf-fbi 1
519
6
beig-fbj 2
hb-fbj 2
ieg-fbj 2
fdc-fbj 2
fch-fbj 2
hdc-fbj 2
520
5
bccg-fca 1
bcie-fca 1
gaj-fca 1
jib-fca 1
dce-fca 1
521
5
bhb-fcb 1
h-fcb 1
bcdf-fcb 1
fij-fcb 1
hbb-fcb 1
522
4
gic-fcc 1
fjh-fcc 1
gbd-fcc 1
bfca-fcc 1
523
4
cae-fcd 1
ghf-fcd 1
cba-fcd 1
hib-fcd 1
524
3
baec-fce 2
gjh-fce 2
gia-fce 2
525
7
ebi-fcf 1
ehe-fcf 1
bff-fcf 1
cce-fcf 1
cgf-fcf 1
ejd-fcf 1
baib-fcf 1
526
4
bcah-fcg 1
eig-fcg 1
bbe-fcg 1
gcc-fcg 1
527
8
beaj-fch 1
ecb-fch 1
cjb-fch 1
eae-fch 1
fcf-fch 1
bfgh-fch 1
hfc-fch 1
bcee-fch 1
528
7
dfd-fci 2
dfh-fci 2
iei-fci 2
bbea-fci 2
dei-fci 2
fhg-fci 2
iba-fci 2
529
5
egd-fcj 1
heb-fcj 1
hge-fcj 1
ghc-fcj 1
ffb-fcj 1
530
6
cfd-fda 1
edf-fda 1
gca-fda 1
bhi-fda 1
bhj-fda 1
bbbd-fda 1
531
4
def-fdb 2
eha-fdb 2
bcga-fdb 2
ffg-fdb 2
532
6
bbjb-fdc 2
dad-fdc 2
eg-fdc 2
cif-fdc 2
dhh-fdc 2
bahi-fdc 2
533
9
edd-fdd 1
bfie-fdd 1
dfb-fdd 1
bei-fdd 1
baif-fdd 1
baei-fdd 1
bfha-fdd 1
hid-fdd 1
eaf-fdd 1
534
3
jj-fde 2
egb-fde 2
fih-fde 2
535
6
fbj-fdf 1
cgg-fdf 1
bade-fdf 1
ibe-fdf 1
fdg-fdf 1
gdc-fdf 1
536
5
bdhg-fdg 1
gbh-fdg 1
bhi-fdg 1
gje-fdg 1
bach-fdg 1
537
7
cjd-fdh 1
ffa-fdh 1
hjd-fdh 1
cdc-fdh 1
gf-fdh 1
deb-fdh 1
bcjh-fdh 1
538
2
bh-fdi 2
jii-fdi 2
539
2
hbh-fdj 2
bdfh-fdj 2
540
5
bbia-fea 2
bceb-fea 2
caf-fea 2
bdcd-fea 2
ee-fea 2
541
6
dfh-feb 1
cid-feb 1
ibd-feb 1
hgh-feb 1
ih-feb 1
ieb-feb 1
542
3
bfcg-fec 1
bfij-fec 1
ffe-fec 1
543
5
bbhb-fed 2
fjd-fed 2
eac-fed 2
fdh-fed 2
hdi-fed 2
544
5
bbaa-fee 2
ihf-fee 2
fff-fee 2
ecb-fee 2
be-fee 2
545
5
bbfh-fef 2
bdad-fef 2
dfe-fef 2
bfdg-fef 4
je-fef 2
546
6
ihh-feg 2
bi-feg 2
bcgj-feg 2
hgh-feg 2
bd-feg 2
ijc-feg 2
547
5
hei-feh 1
bbdc-feh 1
chc-feh 1
bch-feh 1
djg-feh 1
548
6
eeg-fei 1
fbi-fei 1
begd-fei 1
dbc-fei 1
bcgi-fei 1
ffc-fei 1
549
4
eji-fej 1
hhe-fej 1
gcg-fej 1
dfe-fej 1
550
5
df-ffa 2
dce-ffa 2
gch-ffa 2
idb-ffa 2
bfef-ffa 2
551
7
dab-ffb 2
gda-ffb 2
ica-ffb 2
jfe-ffb 2
i-ffb 2
cbd-ffb 2
cfd-ffb 2
552
4
hbb-ffc 2
bgc-ffc 2
bdj-ffc 2
ejg-ffc 2
553
3
jaf-ffd 1
eia-ffd 1
dij-ffd 1
554
2
hdc-ffe 1
baba-ffe 1
555
6
edi-fff 2
baj-fff 2
fgj-fff 2
jbf-fff 2
baae-fff 2
hfd-fff 2
556
1
ffi-ffg 2
557
2
fja-ffh 1
e-ffh 1
558
5
fed-ffi 1
bcdd-ffi 1
cif-ffi 1
gaj-ffi 1
cdj-ffi 1
559
4
gih-ffj 2
gfi-ffj 2
baid-ffj 2
dfd-ffj 2
560
8
gei-fga 2
bdib-fga 2
eae-fga 2
cie-fga 2
ceb-fga 2
igi-fga 2
bbhg-fga 2
bhe-fga 2
561
3
eei-fgb 1
gff-fgb 1
dba-fgb 1
562
5
cjb-fgc 2
jad-fgc 2
bagf-fgc 2
dbd-fgc 2
dgd-fgc 2
563
6
bfic-fgd 2
fb-fgd 2
ffa-fgd 2
bfff-fgd 2
bie-fgd 2
dij-fgd 2
564
2
ibf-fge 1
gjf-fge 1
565
2
def-fgf 2
ha-fgf 2
566
2
bih-fgg 1
ice-fgg 1
567
3
jcf-fgh 1
dbh-fgh 1
jjf-fgh 1
568
4
hjf-fgi 2
eeh-fgi 2
bcbi-fgi 2
dfg-fgi 2
569
4
bdc-fgj 2
ghj-fgj 2
gbh-fgj 2
egh-fgj 2
570
3
fhc-fha 1
bfi-fha 1
bfig-fha 1
571
5
beaa-fhb 2
feb-fhb 2
hfe-fhb 2
bfcb-fhb 4
beeb-fhb 2
572
5
bbi-fhc 2
hch-fhc 2
ijj-fhc 2
bfed-fhc 4
bgea-fhc 2
573
4
hic-fhd 1
dgi-fhd 1
dea-fhd 1
cih-fhd 1
574
5
gge-fhe 1
jbe-fhe 1
dic-fhe 1
hci-fhe 1
ebh-fhe 1
575
2
ffb-fhf 1
gad-fhf 1
576
4
da-fhg 2
jbb-fhg 2
fjc-fhg 2
bbfh-fhg 2
577
1
cba-fhh 2
578
4
bja-fhi 1
jcb-fhi 1
idd-fhi 1
bcgj-fhi 1
579
5
ii-fhj 2
bgde-fhj 2
fag-fhj 2
gaj-fhj 2
fgf-fhj 2
580
4
bb-fia 1
hga-fia 1
gcc-fia 1
cdd-fia 1
581
3
fgb-fib 1
bag-fib 1
gjb-fib 1
582
6
ijd-fic 2
cea-fic 2
cif-fic 2
ifh-fic 2
hgg-fic 2
bgaj-fic 2
583
6
gif-fid 1
fh-fid 1
cih-fid 1
cdd-fid 1
hh-fid 1
bbaa-fid 1
584
3
bccf-fie 1
ffb-fie 1
efe-fie 1
585
4
bfcg-fif 1
bbc-fif 1
gge-fif 1
ibj-fif 1
586
6
ejg-fig 1
bjc-fig 1
dec-fig 1
eib-fig 1
gfa-fig 1
bfj-fig 1
587
3
bcc-fih 2
id-fih 2
ed-fih 2
588
4
bcfh-fii 1
gde-fii 1
haf-fii 1
bagb-fii 1
589
3
fdf-fij 1
bdfi-fij 1
ebj-fij 1
590
2
edj-fja 2
cih-fja 2
591
9
caa-fjb 1
gef-fjb 1
hc-fjb 1
bggb-fjb 1
cij-fjb 1
cja-fjb 1
gcg-fjb 1
egg-fjb 1
hae-fjb 1
592
5
baee-fjc 1
dbg-fjc 1
bcff-fjc 1
cie-fjc 2
hdf-fjc 1
593
2
ecc-fjd 2
cif-fjd 2
594
3
hci-fje 1
bbac-fje 1
fba-fje 1
595
3
jhf-fjf 2
fhc-fjf 2
bahg-fjf 2
596
2
bhg-fjg 2
bcfe-fjg 2
597
5
fdf-fjh 1
baij-fjh 1
ei-fjh 1
ddd-fjh 1
g-fjh 1
598
9
iga-fji 1
ejc-fji 1
jbi-fji 1
ehf-fji 1
cdf-fji 1
hh-fji 1
bgb-fji 1
fij-fji 1
bddi-fji 1
599
3
gj-fjj 1
bbg-fjj 1
ddi-fjj 1
600
3
bacj-gaa 2
gie-gaa 1
gbb-gaa 1
601
3
ejg-gab 1
ca-gab 1
gdh-gab 2
602
1
cca-gac 1
603
5
bjc-gad 1
hij-gad 1
bf-gad 1
jjh-gad 1
bdfe-gad 1
604
6
ghc-gae 2
jci-gae 2
hca-gae 2
bfi-gae 2
bd-gae 2
eig-gae 2
605
1
bjh-gaf 1
606
4
bcba-gag 2
dgc-gag 2
bahg-gag 2
jij-gag 2
607
5
ici-gah 2
cdd-gah 2
fac-gah 2
cjc-gah 2
iaf-gah 2
608
2
daa-gai 2
gff-gai 2
609
2
bcde-gaj 1
di-gaj 1
610
5
fdi-gba 1
bbib-gba 1
bbge-gba 1
hgc-gba 1
gcb-gba 1
611
6
dhf-gbb 2
becb-gbb 2
eja-gbb 2
cgb-gbb 2
efh-gbb 2
bfjj-gbb 2
612
6
hb-gbc 2
baab-gbc 2
bej-gbc 2
bbh-gbc 2
ga-gbc 2
bbhc-gbc 2
613
4
gca-gbd 2
fcb-gbd 2
cg-gbd 2
bbcd-gbd 2
614
1
bgfd-gbe 2
615
4
ccj-gbf 2
bbeh-gbf 2
fgd-gbf 2
bdcf-gbf 2
616
4
dga-gbg 1
dhh-gbg 1
bbcb-gbg 1
hhb-gbg 1
617
2
dje-gbh 2
ff-gbh 2
618
7
cfd-gbi 2
bacg-gbi 2
ifc-gbi 2
ej-gbi 2
dbi-gbi 2
bbeh-gbi 2
dib-gbi 2
619
4
gch-gbj 1
jej-gbj 1
bbfi-gbj 1
eaa-gbj 1
620
7
haj-gca 2
bbfc-gca 2
gfd-gca 2
iid-gca 2
jig-gca 2
hbg-gca 2
ddd-gca 2
621
6
bch-gcb 2
jca-gcb 2
bafh-gcb 2
cab-gcb 2
bbbb-gcb 2
bfbd-gcb 2
622
8
gaj-gcc 2
cdh-gcc 2
ejb-gcc 2
bbii-gcc 2
baad-gcc 2
bafc-gcc 2
iie-gcc 2
baee-gcc 2
623
4
bgbi-gcd 2
egf-gcd 2
ja-gcd 2
bbjd-gcd 2
624
3
bdfi-gce 2
fai-gce 2
dhb-gce 2
625
3
daf-gcf 2
baii-gcf 2
cgj-gcf 2
626
4
chg-gcg 1
ijg-gcg 1
hgd-gcg 1
cce-gcg 1
627
5
cih-gch 2
bdc-gch 2
eja-gch 2
fjh-gch 2
ffb-gch 2
628
6
cea-gci 1
ghh-gci 1
gid-gci 1
fdc-gci 1
igb-gci 1
bga-gci 1
629
2
ged-gcj 2
ebb-gcj 2
630
2
bdcf-gda 2
ihh-gda 2
631
4
bbg-gdb 2
eah-gdb 4
bdci-gdb 2
cb-gdb 2
632
5
igj-gdc 2
ifc-gdc 2
babf-gdc 2
gbe-gdc 2
cah-gdc 2
633
4
bcag-gdd 1
hfi-gdd 1
efh-gdd 1
dgb-gdd 1
634
4
gah-gde 1
hed-gde 1
cdd-gde 1
baeb-gde 1
635
4
gfe-gdf 2
bchf-gdf 2
hjh-gdf 2
bhc-gdf 2
636
5
hag-gdg 1
gfd-gdg 1
bddj-gdg 1
db-gdg 1
bajh-gdg 1
637
4
jci-gdh 2
iih-gdh 1
bdfd-gdh 1
if-gdh 1
638
1
jcc-gdi 2
639
3
gjg-gdj 2
cei-gdj 2
dib-gdj 2
640
4
cda-gea 1
dea-gea 1
eaa-gea 1
edi-gea 1
641
5
eff-geb 2
begg-geb 2
hhd-geb 2
fcb-geb 2
hfa-geb 2
642
2
ihd-gec 2
ffc-gec 2
643
1
bdbj-ged 1
644
1
dda-gee 2
645
3
gfh-gef 2
dfi-gef 2
bdgj-gef 2
646
4
baaa-geg 2
gaj-geg 2
cie-geg 2
bfcj-geg 2
647
4
gah-geh 1
jg-geh 1
iai-geh 1
bjh-geh 1
648
4
eeb-gei 1
daf-gei 1
ffa-gei 1
iba-gei 1
649
5
cab-gej 1
hgi-gej 1
gda-gej 1
bge-gej 1
fec-gej 1
650
2
hbc-gfa 2
bgeg-gfa 2
651
4
bcbi-gfb 1
gfj-gfb 1
g-gfb 1
jhj-gfb 2
652
3
baha-gfc 2
bche-gfc 2
bcb-gfc 2
653
3
hjb-gfd 2
bdbg-gfd 2
gch-gfd 2
654
3
bif-gfe 1
hfa-gfe 1
baci-gfe 1
655
7
jbi-gff 1
eci-gff 1
bga-gff 1
ehe-gff 1
egf-gff 1
idi-gff 2
hh-gff 1
656
4
chc-gfg 2
cef-gfg 2
jaj-gfg 2
bahh-gfg 2
657
4
jaj-gfh 2
ffb-gfh 2
iga-gfh 2
bi-gfh 2
658
5
becd-gfi 1
jeh-gfi 1
ech-gfi 1
dbd-gfi 1
ghc-gfi 1
659
1
bdba-gfj 1
660
2
gbc-gga 2
bhe-gga 2
661
3
eae-ggb 1
bej-ggb 1
bee-ggb 1
662
2
id-ggc 2
bgae-ggc 2
663
4
djj-ggd 2
igd-ggd 2
cjh-ggd 2
jhh-ggd 2
664
9
beai-gge 1
ifg-gge 1
gaj-gge 1
eeb-gge 1
bdc-gge 1
ehc-gge 1
efd-gge 1
beg-gge 1
bfid-gge 1
665
5
feh-ggf 1
jfj-ggf 1
ibj-ggf 1
bcdj-ggf 1
hab-ggf 1
666
4
die-ggg 1
bih-ggg 1
caf-ggg 1
dij-ggg 2
667
1
cab-ggh 2
668
3
cbc-ggi 2
cgh-ggi 2
bfc-ggi 2
670
4
ifc-gha 1
gii-gha 1
gdh-gha 1
bfgj-gha 1
671
6
ccg-ghb 1
bgae-ghb 1
bbff-ghb 1
bbfg-ghb 1
idb-ghb 1
bgef-ghb 1
672
8
begg-ghc 1
fea-ghc 1
bch-ghc 1
cib-ghc 1
jjf-ghc 1
efi-ghc 1
beid-ghc 1
fhi-ghc 1
673
3
bae-ghd 1
egj-ghd 1
did-ghd 1
674
3
ccb-ghe 2
ggg-ghe 2
cji-ghe 2
675
1
ggb-ghf 1
676
4
dhh-ghg 2
cej-ghg 2
fdj-ghg 2
fhb-ghg 2
677
3
cbc-ghh 2
bacj-ghh 2
fdi-ghh 2
678
4
daf-ghi 1
cic-ghi 1
bge-ghi 1
hai-ghi 1
679
5
fdb-ghj 1
hec-ghj 1
eig-ghj 1
fcd-ghj 1
bcbc-ghj 1
680
4
hbf-gia 1
ied-gia 1
egg-gia 1
ccg-gia 1
681
3
ehj-gib 1
cic-gib 1
bbhf-gib 2
682
5
bbga-gic 1
fed-gic 1
dhi-gic 1
gge-gic 1
bjc-gic 1
683
2
cjj-gid 1
ddg-gid 1
684
3
ihe-gie 1
ici-gie 1
iih-gie 1
685
4
bcdi-gif 1
bcig-gif 1
hge-gif 1
jea-gif 1
686
4
cec-gig 1
ijf-gig 1
bbe-gig 1
gj-gig 1
687
5
die-gih 2
badc-gih 2
bbfb-gih 2
fic-gih 2
baai-gih 2
688
3
ib-gii 2
cgf-gii 2
baab-gii 2
689
5
ehh-gij 1
fgh-gij 1
bei-gij 1
ibd-gij 1
ehf-gij 1
690
2
bajc-gja 2
ecd-gja 2
691
1
ebc-gjb 1
692
5
ca-gjc 2
gbe-gjc 2
hg-gjc 2
behb-gjc 2
hji-gjc 2
693
1
gad-gjd 1
694
4
bbdf-gje 2
bhc-gje 2
eca-gje 2
b-gje 2
695
3
dig-gjf 1
hdh-gjf 1
ieg-gjf 1
696
6
bbic-gjg 2
bdda-gjg 2
bfb-gjg 2
behg-gjg 2
dci-gjg 2
egg-gjg 2
697
3
cje-gjh 2
dfd-gjh 2
cbg-gjh 2
698
2
ghe-gji 2
bbgf-gji 2
699
4
hhe-gjj 1
cg-gjj 1
fbi-gjj 1
iii-gjj 1
700
4
dbe-haa 2
bjj-haa 2
dg-haa 2
bcea-haa 2
701
3
fij-hab 2
gc-hab 2
bcfg-hab 2
702
3
gdb-hac 1
bcbg-hac 1
eif-hac 1
703
1
iec-had 2
704
5
hea-hae 2
bbic-hae 2
chi-hae 2
idb-hae 2
ije-hae 2
705
5
bbcd-haf 2
cdd-haf 2
jda-haf 6
gic-haf 2
jji-haf 2
706
6
ecj-hag 1
hje-hag 1
bcgb-hag 1
dfg-hag 1
beje-hag 1
dic-hag 1
707
4
efj-hah 2
dcd-hah 2
fda-hah 2
ghg-hah 2
708
2
bce-hai 2
hfh-hai 2
709
1
bdjj-haj 1
710
3
gee-hba 1
bega-hba 1
bdbi-hba 1
711
4
cgj-hbb 2
eee-hbb 2
fac-hbb 2
cfb-hbb 2
712
3
jdg-hbc 2
bdif-hbc 2
ffc-hbc 2
713
6
bdff-hbd 1
eij-hbd 1
jjf-hbd 1
iah-hbd 1
bei-hbd 1
bcbd-hbd 1
714
3
fji-hbe 1
edh-hbe 1
fc-hbe 1
715
3
fcf-hbf 2
dga-hbf 2
jf-hbf 2
716
5
bdjf-hbg 1
egh-hbg 1
ife-hbg 1
jh-hbg 1
gde-hbg 1
717
3
dbj-hbh 2
ci-hbh 2
babe-hbh 2
718
2
jfh-hbi 2
egd-hbi 2
719
2
bedf-hbj 1
jge-hbj 1
720
7
jid-hca 2
ibe-hca 2
cib-hca 2
ejj-hca 2
hcf-hca 2
ead-hca 2
g-hca 2
721
5
bdfa-hcb 1
cha-hcb 1
ffe-hcb 1
jba-hcb 1
bahd-hcb 2
722
2
cie-hcc 2
iee-hcc 2
723
5
ghf-hcd 2
bgi-hcd 2
bdhb-hcd 2
hhf-hcd 2
jee-hcd 2
724
7
ejf-hce 1
dha-hce 1
gfj-hce 1
bde-hce 1
bchf-hce 1
eab-hce 1
beaf-hce 1
725
5
bbae-hcf 1
hhc-hcf 1
cih-hcf 1
b-hcf 1
gad-hcf 1
726
4
jjg-hcg 2
ja-hcg 2
baed-hcg 2
ibf-hcg 2
727
4
jcb-hch 2
fci-hch 2
ghe-hch 2
gdg-hch 2
728
5
ggi-hci 2
bdff-hci 2
geh-hci 2
fbf-hci 2
baef-hci 2
729
6
hdb-hcj 1
bbgd-hcj 1
bbbg-hcj 1
ejb-hcj 1
eec-hcj 1
jd-hcj 1
730
5
idc-hda 2
eda-hda 2
ffb-hda 2
ea-hda 2
dec-hda 2
731
4
jh-hdb 1
fei-hdb 1
bfhg-hdb 1
bejg-hdb 1
732
5
gig-hdc 2
befb-hdc 2
bdac-hdc 2
cbi-hdc 2
jbf-hdc 2
733
4
bcf-hdd 1
bdg-hdd 1
cih-hdd 1
ejb-hdd 1
734
3
bbjf-hde 1
jfh-hde 1
gdj-hde 1
735
5
bcfg-hdf 2
fad-hdf 2
bbha-hdf 2
dci-hdf 2
gbh-hdf 2
736
3
dac-hdg 2
eba-hdg 2
fjc-hdg 2
737
3
baga-hdh 1
fec-hdh 1
ihb-hdh 1
738
3
bic-hdi 1
iae-hdi 1
beah-hdi 1
739
4
haa-hdj 1
bci-hdj 1
eci-hdj 1
jbj-hdj 1
740
8
fdf-hea 2
jb-hea 2
djb-hea 2
jjg-hea 2
bcji-hea 2
bdfd-hea 2
cb-hea 2
befg-hea 2
741
2
fab-heb 2
icg-heb 2
742
4
bfjg-hec 2
bdhc-hec 2
bdda-hec 2
fai-hec 2
743
3
bcbg-hed 1
ffe-hed 1
bfei-hed 1
744
3
bfhd-hee 2
gbf-hee 2
ijb-hee 2
745
5
beg-hef 1
bge-hef 1
bfch-hef 1
gha-hef 1
bjd-hef 1
746
2
bcdd-heg 2
fid-heg 2
747
4
dcb-heh 2
ed-heh 2
hii-heh 2
ggc-heh 2
748
3
if-hei 1
fad-hei 1
ie-hei 1
749
4
cec-hej 2
ccd-hej 2
gcc-hej 2
bgbd-hej 2
750
4
jhg-hfa 1
dgc-hfa 1
befe-hfa 1
bdi-hfa 1
751
5
beh-hfb 2
gc-hfb 2
bff-hfb 2
icd-hfb 2
egc-hfb 2
752
3
bcdc-hfc 1
gab-hfc 1
gjh-hfc 1
753
4
ddc-hfd 1
eih-hfd 1
bad-hfd 1
bcec-hfd 1
754
4
dfb-hfe 1
bahd-hfe 1
ejg-hfe 1
gac-hfe 1
755
3
hge-hff 2
bacc-hff 2
bbci-hff 2
756
3
ij-hfg 2
gfd-hfg 2
bbac-hfg 2
757
5
ibb-hfh 2
eci-hfh 2
ede-hfh 2
ihf-hfh 2
bbaj-hfh 2
758
3
beih-hfi 2
heb-hfi 1
eci-hfi 1
759
3
jfc-hfj 2
gaa-hfj 2
bfhi-hfj 2
760
2
fdb-hga 2
bbg-hga 2
761
6
gcc-hgb 2
iaj-hgb 2
bdf-hgb 2
hfc-hgb 2
bccd-hgb 2
dfj-hgb 2
762
4
fia-hgc 2
dej-hgc 2
hje-hgc 2
fea-hgc 2
763
2
bbfa-hgd 2
bedb-hgd 2
764
3
jdc-hge 1
efg-hge 1
beff-hge 1
765
4
bafe-hgf 1
fea-hgf 1
icd-hgf 1
bci-hgf 1
766
3
baib-hgg 1
ddc-hgg 1
ehf-hgg 1
767
2
deg-hgh 1
dej-hgh 2
768
4
cdb-hgi 2
baai-hgi 2
hah-hgi 2
baja-hgi 2
769
1
bbjj-hgj 1
770
6
hdd-hha 2
bi-hha 2
ihj-hha 2
dag-hha 2
baad-hha 2
ii-hha 2
771
5
gfa-hhb 1
dfa-hhb 1
bbaa-hhb 1
bbaj-hhb 1
fj-hhb 1
772
3
fhc-hhc 1
beff-hhc 1
eia-hhc 1
773
4
gaa-hhd 2
ch-hhd 2
bdec-hhd 2
bbd-hhd 2
774
5
bdfa-hhe 2
fcd-hhe 2
gja-hhe 2
eff-hhe 2
dji-hhe 2
775
4
ed-hhf 2
dag-hhf 2
bafj-hhf 2
bcf-hhf 2
776
4
ga-hhg 1
bcd-hhg 1
hbb-hhg 1
dgd-hhg 1
777
2
haa-hhh 2
ebd-hhh 2
778
2
dcj-hhi 2
bdci-hhi 2
779
6
idc-hhj 1
beb-hhj 1
hie-hhj 1
cbg-hhj 1
bfag-hhj 1
jec-hhj 1
780
3
bbie-hia 2
dbf-hia 2
jdd-hia 2
781
3
ccc-hib 1
bbfb-hib 1
bbi-hib 1
782
4
dcc-hic 1
dhd-hic 1
bgcf-hic 1
chh-hic 1
783
1
bgdg-hid 1
784
2
bjg-hie 2
bgbb-hie 2
785
3
ggc-hif 2
cii-hif 2
fje-hif 2
786
2
fig-hig 1
che-hig 1
787
5
iaf-hih 2
bdbe-hih 2
eii-hih 2
bfg-hih 2
ddh-hih 2
788
4
jaj-hii 1
cgi-hii 1
fej-hii 1
djb-hii 1
789
6
dif-hij 2
bbbd-hij 2
jff-hij 2
bji-hij 2
hag-hij 2
fj-hij 2
790
2
fae-hja 2
gbd-hja 2
791
3
bde-hjb 1
cbb-hjb 1
cfh-hjb 1
792
7
bfhe-hjc 2
ifd-hjc 2
bbfi-hjc 2
gaj-hjc 2
hbi-hjc 2
edj-hjc 2
hcc-hjc 2
793
2
fef-hjd 2
bbd-hjd 1
794
2
fgj-hje 2
bdja-hje 2
795
3
gid-hjf 2
edj-hjf 2
beji-hjf 2
796
7
jgg-hjg 2
cfa-hjg 2
gdj-hjg 2
igd-hjg 2
eda-hjg 2
gci-hjg 2
jdh-hjg 2
797
2
bcg-hjh 1
caj-hjh 1
798
3
bba-hji 2
hfj-hji 2
iac-hji 2
799
7
bgc-hjj 1
gah-hjj 1
cjf-hjj 1
fe-hjj 1
bace-hjj 1
fgd-hjj 1
beea-hjj 1
800
6
dhc-iaa 1
eef-iaa 1
cij-iaa 1
ead-iaa 1
deb-iaa 1
jcg-iaa 1
801
3
bdbh-iab 2
ech-iab 2
cdh-iab 2
802
3
eic-iac 2
hia-iac 2
hbi-iac 2
803
5
jcd-iad 1
dd-iad 1
cba-iad 1
d-iad 1
cgd-iad 1
804
5
cib-iae 2
bcd-iae 2
fjd-iae 2
cdf-iae 2
cjg-iae 2
805
4
ejf-iaf 1
jd-iaf 1
gjf-iaf 1
ecj-iaf 1
806
4
ejg-iag 2
begg-iag 2
ihd-iag 2
bage-iag 2
807
2
fei-iah 2
dad-iah 2
808
3
jh-iai 2
beja-iai 2
dje-iai 2
809
3
gbh-iaj 1
bddg-iaj 1
gci-iaj 1
810
5
bcb-iba 1
bafb-iba 1
ejb-iba 1
bbba-iba 1
bbbj-iba 1
811
2
iha-ibb 1
bead-ibb 1
812
2
egb-ibc 1
bbgf-ibc 1
813
2
bdhd-ibd 2
bgcj-ibd 2
814
3
fba-ibe 2
bbcc-ibe 2
jbe-ibe 2
815
3
dje-ibf 2
dih-ibf 2
bffh-ibf 2
816
4
ceb-ibg 2
efj-ibg 2
bafg-ibg 2
fhg-ibg 2
817
3
eja-ibh 1
bahj-ibh 1
babb-ibh 1
818
5
fii-ibi 1
fdi-ibi 1
jib-ibi 1
bjc-ibi 1
gi-ibi 1
819
4
hae-ibj 1
dfd-ibj 1
bbdb-ibj 1
bbcd-ibj 1
820
5
bcfh-ica 1
edc-ica 1
jde-ica 1
becf-ica 1
dgi-ica 1
821
3
fhj-icb 1
fib-icb 1
hfi-icb 2
822
2
edb-icc 2
fdh-icc 2
823
5
jaa-icd 1
hj-icd 1
jaj-icd 1
eig-icd 1
hcd-icd 1
824
3
hgi-ice 1
jfh-ice 1
ehd-ice 1
825
4
bcha-icf 1
dbb-icf 1
cih-icf 1
fce-icf 1
826
3
bcdi-icg 2
bjj-icg 2
gcg-icg 2
827
2
beei-ich 2
djd-ich 2
828
3
cj-ici 1
dfa-ici 1
jc-ici 2
829
2
hbe-icj 2
jie-icj 2
830
5
jbh-ida 2
hee-ida 2
ehj-ida 2
bhf-ida 2
bcfd-ida 2
831
7
bach-idb 2
cdh-idb 2
cii-idb 2
jcb-idb 2
fce-idb 2
bfjd-idb 2
ghi-idb 2
832
3
djj-idc 1
iij-idc 1
gjg-idc 1
833
4
fih-idd 2
bbah-idd 2
fj-idd 2
bfda-idd 2
834
1
fgc-ide 1
835
5
efa-idf 1
bajg-idf 1
dh-idf 1
jhi-idf 1
dii-idf 1
836
4
bagf-idg 1
bfi-idg 1
ic-idg 1
dhd-idg 1
837
3
hhg-idh 2
gdg-idh 2
bad-idh 2
838
5
bbdd-idi 2
baeh-idi 2
hhc-idi 2
ech-idi 2
bgfa-idi 2
839
3
fdj-idj 1
bgf-idj 1
bcc-idj 1
840
4
bebf-iea 4
chb-iea 2
eeb-iea 2
bij-iea 2
841
3
bdaj-ieb 1
bbie-ieb 1
fhb-ieb 1
842
5
iff-iec 1
fgf-iec 1
hfh-iec 1
bbca-iec 1
hfg-iec 1
843
4
bche-ied 1
bbid-ied 1
hhb-ied 1
jac-ied 1
844
3
bdcd-iee 1
efc-iee 1
baje-iee 1
845
4
bbah-ief 1
bfc-ief 1
hag-ief 1
ea-ief 1
846
5
fjj-ieg 2
ebg-ieg 2
idd-ieg 2
hcd-ieg 2
ffh-ieg 2
847
4
bchj-ieh 2
bjg-ieh 2
bge-ieh 2
caj-ieh 2
848
6
hgi-iei 1
gdf-iei 1
efg-iei 1
dbf-iei 1
bcgb-iei 1
behf-iei 1
849
2
bdi-iej 1
bbh-iej 1
850
5
bbbi-ifa 1
bdbe-ifa 1
bdih-ifa 1
hcf-ifa 1
ccc-ifa 1
851
3
bagh-ifb 2
dfh-ifb 2
fgh-ifb 2
852
6
jid-ifc 2
fdj-ifc 2
gfa-ifc 2
cee-ifc 2
bchg-ifc 2
ejj-ifc 2
853
4
bbhd-ifd 2
bah-ifd 2
cf-ifd 2
ijh-ifd 2
854
3
hjf-ife 1
bbdj-ife 1
dad-ife 1
855
5
cgi-iff 2
efe-iff 2
jgf-iff 2
bjb-iff 2
fb-iff 2
856
3
jci-ifg 2
be-ifg 2
bgeb-ifg 2
857
4
baga-ifh 2
cid-ifh 2
baai-ifh 2
eif-ifh 2
858
2
badf-ifi 2
bcci-ifi 2
860
2
ebb-iga 2
gfj-iga 2
861
2
gb-igb 2
cif-igb 2
862
3
gh-igc 2
eaf-igc 2
bcgi-igc 2
863
3
ife-igd 2
ggg-igd 2
hfd-igd 2
864
3
dbj-ige 2
hjc-ige 2
dbi-ige 2
865
1
egi-igf 1
866
1
babd-igg 2
867
1
hag-igh 1
868
3
bcbj-igi 2
gag-igi 2
bbg-igi 2
869
4
dde-igj 2
bdie-igj 2
jba-igj 2
gih-igj 2
870
4
bcdj-iha 1
bbfe-iha 1
jfa-iha 1
hgf-iha 1
871
2
eii-ihb 2
bbcj-ihb 2
872
3
eba-ihc 1
jfd-ihc 1
ehj-ihc 1
873
4
bgei-ihd 2
behh-ihd 2
bbdd-ihd 2
fj-ihd 2
874
3
hdg-ihe 1
hdi-ihe 1
hdj-ihe 1
875
5
eh-ihf 1
cfb-ihf 1
ijj-ihf 1
bfcc-ihf 1
bbad-ihf 1
876
4
gij-ihg 1
gbf-ihg 1
bcj-ihg 1
cdj-ihg 1
877
3
eef-ihh 2
cib-ihh 2
gih-ihh 2
878
5
hdb-ihi 1
bebh-ihi 1
gjh-ihi 1
jg-ihi 1
bdgf-ihi 1
879
2
cef-ihj 2
caf-ihj 2
880
3
fid-iia 1
hfh-iia 1
fgb-iia 1
881
5
id-iib 2
chd-iib 2
bafa-iib 2
cfb-iib 2
baeb-iib 2
882
4
iie-iic 2
fag-iic 2
gfa-iic 2
jje-iic 2
883
4
bfei-iid 2
ffa-iid 2
iae-iid 2
cej-iid 2
884
5
bejf-iie 1
bec-iie 1
jee-iie 1
bgc-iie 1
cbb-iie 1
885
2
bbei-iif 1
hif-iif 1
886
2
ddg-iig 1
hcg-iig 1
887
1
hbj-iih 1
888
1
bbib-iii 1
889
1
baaa-iij 2
890
3
bcfe-ija 2
iaa-ija 2
dbj-ija 2
891
1
ega-ijb 2
892
4
bbf-ijc 2
cgi-ijc 2
bcij-ijc 2
hg-ijc 2
893
3
beda-ijd 4
gdh-ijd 2
hfi-ijd 2
894
4
gda-ije 1
bbbj-ije 1
bef-ije 1
beef-ije 1
895
1
bj-ijf 2
896
2
behi-ijg 2
ig-ijg 2
897
2
bii-ijh 1
hhg-ijh 1
898
1
gd-iji 1
899
2
iaf-ijj 2
cff-ijj 2
900
3
bbjh-jaa 2
jbg-jaa 2
cf-jaa 2
901
2
gbe-jab 1
djh-jab 1
902
5
ibb-jac 2
bgg-jac 2
hca-jac 2
ejj-jac 2
ghg-jac 2
903
3
dgj-jad 2
djc-jad 2
bcij-jad 2
904
3
cja-jae 1
ee-jae 1
bbih-jae 1
905
2
bdig-jaf 2
bgd-jaf 2
906
3
bdij-jag 2
cbc-jag 2
cg-jag 2
907
6
fie-jah 1
bajg-jah 1
baia-jah 1
cfe-jah 1
bchh-jah 1
bcif-jah 1
908
5
bbbg-jai 2
hah-jai 2
efa-jai 2
bffi-jai 2
gbj-jai 2
909
2
iic-jaj 1
ebd-jaj 1
910
3
bdef-jba 2
cgd-jba 2
gej-jba 2
911
2
dhg-jbb 1
gjc-jbb 1
912
2
jca-jbc 1
gbg-jbc 1
913
3
dij-jbd 2
bgh-jbd 2
bfad-jbd 2
914
3
bbig-jbe 1
fbj-jbe 1
de-jbe 1
915
5
bedi-jbf 2
gfg-jbf 2
cc-jbf 2
jbe-jbf 2
hai-jbf 2
916
5
igc-jbg 2
ehd-jbg 2
bjd-jbg 2
bdid-jbg 2
baie-jbg 2
917
3
dbd-jbh 1
bji-jbh 1
babf-jbh 1
918
2
hai-jbi 2
bdcc-jbi 2
919
5
hdc-jbj 2
ieg-jbj 2
daa-jbj 2
ejd-jbj 2
jhb-jbj 2
920
4
fdh-jca 2
jfg-jca 2
jde-jca 2
idf-jca 2
921
4
ihh-jcb 2
hhf-jcb 2
gae-jcb 2
faj-jcb 2
922
3
fej-jcc 2
gfb-jcc 2
fjg-jcc 2
923
4
ied-jcd 1
hgh-jcd 1
bagh-jcd 1
jcc-jcd 1
924
1
bafi-jce 1
925
3
djc-jcf 1
igj-jcf 1
ghe-jcf 1
926
3
babe-jcg 2
ggg-jcg 2
cfj-jcg 2
928
6
gih-jci 2
hhe-jci 2
bfbf-jci 4
beia-jci 2
fb-jci 2
fch-jci 2
930
3
bdig-jda 2
cjb-jda 1
bgdf-jda 1
931
5
bbaj-jdb 2
jji-jdb 2
cgf-jdb 2
jhc-jdb 2
hge-jdb 2
932
3
gdh-jdc 1
jc-jdc 1
hbh-jdc 1
933
3
dhc-jdd 1
ffh-jdd 1
dic-jdd 1
934
6
ha-jde 2
baad-jde 2
bie-jde 2
bdgi-jde 2
bcjb-jde 2
bi-jde 2
936
7
cjh-jdg 2
dhj-jdg 2
bh-jdg 2
fbf-jdg 2
gea-jdg 2
ibi-jdg 2
bhb-jdg 2
937
1
ea-jdh 1
938
1
dfb-jdi 1
939
4
dhb-jdj 2
eic-jdj 2
jfj-jdj 2
ja-jdj 2
940
2
ije-jea 1
ef-jea 1
941
1
jad-jeb 2
942
5
bgb-jec 2
dae-jec 2
bdfg-jec 2
ehc-jec 2
badg-jec 2
943
1
djc-jed 1
944
4
cfg-jee 1
ceg-jee 1
ej-jee 1
hjb-jee 1
945
5
bbfe-jef 1
beh-jef 1
fad-jef 1
badj-jef 1
bbje-jef 1
946
2
bbj-jeg 1
baib-jeg 1
947
3
ddj-jeh 1
bafe-jeh 1
bgdb-jeh 1
948
2
eff-jei 2
jja-jei 2
949
3
fgj-jej 1
ehb-jej 1
dch-jej 1
950
4
bhe-jfa 2
iec-jfa 2
chb-jfa 2
fdj-jfa 2
951
3
bbdb-jfb 2
ebb-jfb 2
cge-jfb 2
952
3
cgh-jfc 2
jgb-jfc 2
egb-jfc 2
953
2
fbd-jfd 1
babc-jfd 1
954
4
bfgb-jfe 4
egf-jfe 2
c-jfe 2
bcif-jfe 2
955
3
ee-jff 2
bfeb-jff 2
egg-jff 2
956
4
bccb-jfg 2
ega-jfg 2
fic-jfg 2
ghc-jfg 2
957
5
eij-jfh 1
ddc-jfh 1
gfb-jfh 1
bffj-jfh 1
fdf-jfh 1
958
4
eib-jfi 2
befa-jfi 2
dii-jfi 2
bbj-jfi 2
959
5
bcc-jfj 2
bcaj-jfj 2
eac-jfj 2
bdhe-jfj 4
jfa-jfj 2
960
5
bfcf-jga 2
bagg-jga 2
fdf-jga 2
bfcd-jga 4
bfab-jga 2
961
1
ecd-jgb 2
962
5
ied-jgc 1
bba-jgc 1
cfa-jgc 1
ibd-jgc 1
babj-jgc 1
963
1
ghb-jgd 1
964
5
bagf-jge 1
dda-jge 1
bcgj-jge 1
gbf-jge 1
bedj-jge 1
965
5
hhj-jgf 2
fjd-jgf 2
bhg-jgf 2
fbf-jgf 2
i-jgf 2
966
3
bajc-jgg 2
cfd-jgg 2
heh-jgg 2
967
2
jcb-jgh 2
dfc-jgh 2
968
2
gjf-jgi 2
iae-jgi 2
970
4
efh-jha 1
jia-jha 1
ghd-jha 1
bea-jha 1
971
1
ejg-jhb 1
972
4
hei-jhc 2
gga-jhc 2
ced-jhc 2
eej-jhc 2
973
2
gba-jhd 2
geb-jhd 2
974
3
jae-jhe 2
jih-jhe 2
bbai-jhe 2
975
4
gid-jhf 1
behe-jhf 1
fch-jhf 1
bajj-jhf 1
976
2
hde-jhg 2
fbi-jhg 2
977
2
gab-jhh 2
bfia-jhh 2
978
3
bcj-jhi 1
bagi-jhi 1
fca-jhi 1
979
1
eei-jhj 4
980
7
baca-jia 2
bje-jia 2
ecc-jia 2
baac-jia 2
ddg-jia 2
hdd-jia 2
bded-jia 2
981
4
bjf-jib 1
gda-jib 1
bab-jib 1
iac-jib 1
982
2
hff-jic 2
igj-jic 2
983
4
bdgd-jid 2
bgfj-jid 2
jff-jid 2
cag-jid 2
984
3
baih-jie 1
hdb-jie 1
cij-jie 1
985
4
bdih-jif 2
dge-jif 2
hah-jif 2
bb-jif 2
986
3
bbe-jig 2
bafi-jig 2
gha-jig 2
987
3
bfa-jih 2
jhi-jih 2
gfi-jih 2
988
3
bjh-jii 1
ddf-jii 1
cei-jii 1
989
1
ge-jij 1
990
1
idh-jja 1
991
6
ieg-jjb 1
ihg-jjb 1
hja-jjb 1
jif-jjb 1
cjc-jjb 1
bdi-jjb 1
992
3
jbg-jjc 2
jhg-jjc 2
bcgb-jjc 2
993
1
daj-jjd 1
994
5
hdd-jje 2
badd-jje 2
baig-jje 2
ej-jje 2
bbcg-jje 2
995
2
ccf-jjf 1
hja-jjf 1
996
2
efa-jjg 2
gfc-jjg 2
997
1
geh-jjh 2
998
2
j-jji 1
hef-jji 1
999
3
edg-jjj 1
bcci-jjj 2
baea-jjj 1
1000
1
fgi-baaa 2
1001
5
bc-baab 2
efi-baab 2
bbdf-baab 2
ifd-baab 2
jeg-baab 2
1002
2
jbh-baac 2
hig-baac 2
1003
4
ehj-baad 1
jcd-baad 1
ceb-baad 1
bbbh-baad 1
1004
2
dib-baae 1
eje-baae 1
1005
2
baae-baaf 1
bdej-baaf 1
1006
5
jci-baag 1
ffj-baag 1
fc-baag 1
cdc-baag 1
beja-baag 1
1007
2
baef-baah 2
jab-baah 2
1008
4
dgd-baai 2
baha-baai 2
igj-baai 2
bacb-baai 2
1010
5
ehi-baba 1
bbfb-baba 1
haj-baba 1
dfi-baba 1
jdf-baba 1
1011
3
edh-babb 2
ggi-babb 2
djh-babb 2
1012
5
beag-babc 2
ege-babc 2
jga-babc 2
if-babc 2
baif-babc 2
1013
3
bddi-babd 2
gec-babd 2
dfe-babd 2
1014
3
dbj-babe 1
ije-babe 1
ebj-babe 1
1015
2
ceg-babf 2
begj-babf 2
1016
3
beba-babg 2
bbdj-babg 2
bdhd-babg 2
1017
2
baia-babh 2
cbg-babh 2
1018
3
baij-babi 1
gd-babi 1
cdb-babi 1
1019
3
bfib-babj 2
bbcg-babj 2
fdc-babj 2
1020
1
igh-baca 1
1021
6
jce-bacb 1
jg-bacb 1
heb-bacb 1
bcje-bacb 1
bgbj-bacb 1
jhb-bacb 1
1022
3
feg-bacc 2
hbc-bacc 2
gdb-bacc 4
1023
1
jgf-bacd 1
1024
2
bbcd-bace 1
dhb-bace 1
1025
1
ifd-bacf 2
1026
2
cja-bacg 2
bgdb-bacg 2
1027
3
baag-bach 1
fdd-bach 1
bih-bach 1
1028
2
egi-baci 2
ejc-baci 2
1029
4
bada-bacj 2
ib-bacj 2
iha-bacj 4
ibj-bacj 2
1030
4
ecj-bada 1
hej-bada 1
gdb-bada 1
bbcf-bada 1
1031
3
bdf-badb 2
dcd-badb 2
bddf-badb 2
1032
3
hfg-badc 1
ifg-badc 1
cad-badc 1
1033
3
gh-badd 2
jc-badd 2
bcac-badd 2
1034
1
ega-bade 2
1035
1
fgh-badf 1
1036
2
bbbf-badg 1
jhi-badg 1
1037
1
bbgj-badh 2
1038
2
ghg-badi 1
bbdi-badi 1
1039
4
bjf-badj 1
ff-badj 1
bbhf-badj 1
ijj-badj 1
1040
3
cid-baea 2
he-baea 2
hdd-baea 2
1041
4
bdcj-baeb 1
bbaf-baeb 1
iag-baeb 1
fd-baeb 1
1042
5
jaa-baec 2
bcac-baec 2
ccb-baec 2
hbg-baec 2
jha-baec 2
1043
1
djc-baed 2
1044
1
baeg-baee 1
1045
4
fi-baef 2
efd-baef 2
bdbf-baef 2
gj-baef 2
1046
4
hhd-baeg 2
jdc-baeg 2
baic-baeg 2
bcef-baeg 2
1047
1
dfd-baeh 2
1048
4
bhc-baei 2
chj-baei 2
bcig-baei 2
bagg-baei 2
1049
4
bbhh-baej 4
bdij-baej 2
hih-baej 2
bdfj-baej 2
1050
5
babe-bafa 2
cff-bafa 2
hgc-bafa 2
dgj-bafa 2
jdj-bafa 2
1051
4
baah-bafb 2
gdg-bafb 2
bbbd-bafb 2
bcji-bafb 2
1052
4
hii-bafc 1
gfg-bafc 1
bbef-bafc 1
jce-bafc 1
1053
2
fei-bafd 1
cfa-bafd 1
1054
3
dhc-bafe 2
bgf-bafe 2
fdd-bafe 2
1055
2
hcj-baff 2
bfif-baff 4
1056
1
fdd-bafg 2
1057
1
jbd-bafh 2
1058
4
bbgf-bafi 1
bhj-bafi 1
bag-bafi 1
chi-bafi 1
1059
3
gfi-bafj 1
bcag-bafj 1
hef-bafj 1
1060
2
ded-baga 2
bbag-baga 2
1061
2
bcgd-bagb 2
fhb-bagb 4
1062
1
gie-bagc 1
1063
3
ibg-bagd 1
beg-bagd 1
hgd-bagd 1
1064
4
bbcj-bage 1
jfb-bage 1
jhf-bage 2
babh-bage 1
1065
2
bgd-bagf 2
bede-bagf 2
1066
5
jid-bagg 2
bbgh-bagg 2
fcb-bagg 2
baie-bagg 2
hgb-bagg 2
1067
6
ijg-bagh 2
jbd-bagh 2
eab-bagh 2
cgf-bagh 2
gje-bagh 2
cde-bagh 2
1068
3
ehh-bagi 2
ggh-bagi 2
bcac-bagi 2
1069
2
jhd-bagj 1
bgj-bagj 1
1070
2
bgcc-baha 2
bcgf-baha 2
1071
2
bgah-bahb 2
cgc-bahb 2
1072
1
hbg-bahc 2
1073
6
efa-bahd 2
dii-bahd 2
beij-bahd 2
dbb-bahd 2
bcgf-bahd 2
behd-bahd 2
1074
1
bcdi-bahe 2
1075
2
bagd-bahf 2
ffi-bahf 2
1076
2
gjc-bahg 4
bgc-bahg 2
1077
4
bahg-bahh 1
hea-bahh 1
jab-bahh 1
bedg-bahh 1
1078
4
ghc-bahi 2
hab-bahi 2
ia-bahi 2
ceh-bahi 2
1079
2
fbe-bahj 1
ghi-bahj 1
1080
3
jif-baia 1
bgg-baia 1
gaf-baia 1
1081
2
hih-baib 2
iac-baib 2
1082
3
iaa-baic 1
bcgg-baic 1
babi-baic 1
1083
2
ib-baid 2
bejd-baid 2
1084
5
bai-baie 2
efc-baie 2
iaf-baie 2
bade-baie 2
chg-baie 2
1085
1
jcb-baif 2
1086
4
jgh-baig 2
ihc-baig 2
edd-baig 2
hif-baig 2
1087
6
eea-baih 1
bcej-baih 1
bcgf-baih 1
becj-baih 1
bbgd-baih 1
gcf-baih 1
1088
2
ffj-baii 1
bbab-baii 1
1089
3
ife-baij 1
bfh-baij 1
bha-baij 1
1090
4
cdh-baja 2
bcfj-baja 2
cgg-baja 2
bif-baja 2
1091
3
bafj-bajb 1
bdfg-bajb 1
ji-bajb 1
1092
3
hih-bajc 2
bbae-bajc 2
dhb-bajc 2
1093
4
bfjc-bajd 1
hhg-bajd 1
edc-bajd 1
hha-bajd 1
1094
4
iej-baje 2
bdab-baje 2
hhe-baje 2
gfi-baje 2
1095
5
bcje-bajf 1
jcd-bajf 1
jeb-bajf 1
eca-bajf 1
bbgi-bajf 1
1096
2
fi-bajg 2
cgf-bajg 2
1097
2
hba-bajh 2
bia-bajh 2
1098
2
bhf-baji 2
baje-baji 2
1099
3
bajf-bajj 1
ejh-bajj 1
eci-bajj 1
1100
3
ghb-bbaa 1
beeg-bbaa 1
bcfa-bbaa 2
1101
2
cde-bbab 2
bbfc-bbab 2
1102
4
iif-bbac 1
dce-bbac 1
fed-bbac 1
bejd-bbac 1
1103
2
bbag-bbad 2
jbh-bbad 2
1104
6
bgba-bbae 2
bcfc-bbae 2
hg-bbae 2
eah-bbae 2
gid-bbae 2
gc-bbae 2
1105
2
eff-bbaf 2
hhg-bbaf 2
1106
1
gff-bbag 1
1107
4
fhe-bbah 2
beci-bbah 2
cja-bbah 2
bfjh-bbah 2
1108
2
bhj-bbai 2
bdch-bbai 2
1109
1
ich-bbaj 1
1110
5
hde-bbba 1
babb-bbba 1
cgd-bbba 1
jid-bbba 1
hdb-bbba 1
1111
1
hed-bbbb 1
1113
3
bgab-bbbd 1
bbh-bbbd 1
baec-bbbd 1
1114
3
bcc-bbbe 2
dhj-bbbe 2
bccj-bbbe 2
1115
2
cef-bbbf 1
faj-bbbf 1
1116
3
baci-bbbg 1
icb-bbbg 1
ief-bbbg 1
1117
2
bagc-bbbh 1
ehg-bbbh 1
1118
2
bac-bbbi 2
gee-bbbi 2
1119
3
big-bbbj 1
bgdj-bbbj 1
bahe-bbbj 1
1120
2
bdd-bbca 1
jcc-bbca 1
1121
6
hih-bbcb 1
fbc-bbcb 1
djj-bbcb 1
jfd-bbcb 1
iee-bbcb 1
ccc-bbcb 1
1122
2
hbd-bbcc 2
bgf-bbcc 2
1123
3
gje-bbcd 2
jjd-bbcd 2
baii-bbcd 2
1124
2
gde-bbce 1
iff-bbce 1
1125
2
bbae-bbcf 1
fhc-bbcf 2
1126
3
bdid-bbcg 2
fcg-bbcg 2
ccj-bbcg 2
1127
1
icb-bbch 1
1128
2
bie-bbci 1
babh-bbci 1
1129
2
bbbb-bbcj 1
hee-bbcj 1
1130
3
ehh-bbda 1
bbji-bbda 1
jde-bbda 1
1131
5
hjj-bbdb 2
bbf-bbdb 2
idc-bbdb 2
ifa-bbdb 2
bfdj-bbdb 2
1132
1
jh-bbdc 1
1133
5
fgh-bbdd 1
gid-bbdd 1
eii-bbdd 1
bci-bbdd 1
beb-bbdd 1
1134
1
jif-bbde 2
1135
3
gbc-bbdf 2
gbi-bbdf 2
baed-bbdf 2
1136
3
bgdc-bbdg 2
bhc-bbdg 2
bid-bbdg 2
1137
3
ghb-bbdh 1
eef-bbdh 1
bcjd-bbdh 1
1138
3
baee-bbdi 2
hbh-bbdi 2
bcba-bbdi 2
1139
1
ghi-bbdj 1
1140
3
df-bbea 1
cga-bbea 1
dfh-bbea 1
1141
5
ji-bbeb 2
ihd-bbeb 2
bbde-bbeb 2
bffc-bbeb 2
bbae-bbeb 2
1142
2
cai-bbec 2
bcie-bbec 2
1143
1
jc-bbed 2
1144
2
gcj-bbee 1
bdee-bbee 1
1145
4
fjb-bbef 2
badd-bbef 2
ce-bbef 2
fjf-bbef 2
1146
3
eca-bbeg 2
bcjg-bbeg 2
bgbc-bbeg 2
1147
1
eg-bbeh 2
1148
2
gej-bbei 2
eif-bbei 2
1149
3
bcbb-bbej 1
fja-bbej 1
fci-bbej 1
1150
2
bacc-bbfa 2
jf-bbfa 2
1151
5
ghj-bbfb 2
fgd-bbfb 2
bbgg-bbfb 2
baji-bbfb 2
bdah-bbfb 2
1152
2
bfej-bbfc 2
ibh-bbfc 2
1153
4
eaa-bbfd 1
bdcj-bbfd 1
bdje-bbfd 1
ebc-bbfd 1
1154
2
bbgi-bbfe 2
chg-bbfe 2
1155
6
dbh-bbff 2
ihi-bbff 2
jig-bbff 2
fcc-bbff 2
bdjd-bbff 2
hg-bbff 2
1156
4
eee-bbfg 2
bcjh-bbfg 2
fea-bbfg 2
bfee-bbfg 2
1157
3
efd-bbfh 1
gec-bbfh 1
bbjg-bbfh 1
1158
3
bace-bbfi 1
bbej-bbfi 1
bfhb-bbfi 1
1159
4
cbc-bbfj 2
ifc-bbfj 2
cje-bbfj 2
babh-bbfj 2
1160
2
eji-bbga 2
jbc-bbga 2
1161
4
jff-bbgb 2
iic-bbgb 2
hi-bbgb 2
hgd-bbgb 2
1162
1
bafa-bbgc 1
1163
1
bgag-bbgd 1
1164
4
bbff-bbge 1
ihg-bbge 1
eb-bbge 1
ddd-bbge 1
1165
1
fcj-bbgf 1
1166
4
bdai-bbgg 1
ca-bbgg 1
gfh-bbgg 1
bcde-bbgg 1
1167
1
bbei-bbgh 2
1168
4
jab-bbgi 2
bfi-bbgi 2
bdgi-bbgi 2
jgi-bbgi 2
1169
4
eah-bbgj 1
bejh-bbgj 1
hjc-bbgj 1
bbcj-bbgj 1
1170
2
fbe-bbha 2
begi-bbha 2
1171
2
iec-bbhb 2
djd-bbhb 2
1172
3
jdi-bbhc 1
bca-bbhc 1
cbh-bbhc 1
1173
4
ece-bbhd 1
j-bbhd 1
bced-bbhd 1
bdb-bbhd 1
1174
4
bbgb-bbhe 2
fh-bbhe 2
id-bbhe 2
gfe-bbhe 2
1175
3
dia-bbhf 2
bfec-bbhf 2
baif-bbhf 2
1177
2
bcjf-bbhh 2
beee-bbhh 4
1178
2
bfge-bbhi 1
hgi-bbhi 1
1179
1
c-bbhj 2
1180
3
ij-bbia 2
edb-bbia 2
ei-bbia 2
1181
1
bdi-bbib 1
1182
2
iab-bbic 1
befc-bbic 1
1183
1
bbdd-bbid 1
1184
3
def-bbie 1
bbhj-bbie 1
dee-bbie 1
1185
2
bij-bbif 2
dcj-bbif 2
1186
1
cig-bbig 2
1187
2
bfd-bbih 2
gc-bbih 2
1188
2
bfgf-bbii 2
jhc-bbii 2
1189
3
beci-bbij 1
cdd-bbij 1
bbdf-bbij 1
1190
2
fec-bbja 2
bacb-bbja 2
1191
2
ffj-bbjb 2
gje-bbjb 2
1192
2
bbha-bbjc 2
ii-bbjc 2
1193
1
jig-bbjd 1
1194
1
cbd-bbje 1
1195
4
haj-bbjf 2
jbg-bbjf 2
dji-bbjf 2
fcj-bbjf 2
1196
3
bbfe-bbjg 2
hjb-bbjg 2
bagj-bbjg 2
1197
2
jih-bbjh 1
bcjb-bbjh 1
1198
3
bch-bbji 2
ijh-bbji 2
hhi-bbji 2
1199
1
cig-bbjj 1
1200
2
bbie-bcaa 2
bgb-bcaa 2
1201
4
dfi-bcab 2
bchi-bcab 2
jjj-bcab 2
gce-bcab 2
1202
3
hac-bcac 2
fa-bcac 2
had-bcac 2
1203
3
hcd-bcad 2
bdf-bcad 2
bgcb-bcad 2
1204
2
ibg-bcae 1
bdaj-bcae 1
1205
3
jh-bcaf 1
bcda-bcaf 1
bbha-bcaf 1
1206
2
babb-bcag 1
bgch-bcag 1
1207
1
eed-bcah 2
1208
1
bbcj-bcai 2
1209
1
bbji-bcaj 2
1210
2
ejb-bcba 1
gfc-bcba 1
1211
3
bdbj-bcbb 2
hag-bcbb 2
die-bcbb 2
1212
5
bbai-bcbc 1
bcij-bcbc 1
dbe-bcbc 1
bafj-bcbc 1
ef-bcbc 1
1213
1
baca-bcbd 1
1214
2
bdd-bcbe 2
gda-bcbe 2
1215
2
igc-bcbf 2
bged-bcbf 2
1216
3
iea-bcbg 2
dbh-bcbg 2
behc-bcbg 2
1218
3
bfcf-bcbi 1
jdd-bcbi 1
jcf-bcbi 1
1219
3
hjj-bcbj 1
hgc-bcbj 1
bcch-bcbj 1
1220
4
jfe-bcca 4
fb-bcca 2
bdhj-bcca 2
behj-bcca 2
1221
3
cid-bccb 2
bcag-bccb 2
egb-bccb 2
1223
3
behg-bccd 1
ced-bccd 1
bfed-bccd 1
1224
2
eci-bcce 2
iib-bcce 2
1225
2
bajb-bccf 1
bfhd-bccf 1
1226
2
badf-bccg 2
begg-bccg 2
1227
1
hjg-bcch 2
1228
2
bcae-bcci 2
hjd-bcci 4
1229
5
gbe-bccj 2
dci-bccj 2
bg-bccj 2
cfg-bccj 2
hci-bccj 2
1230
3
ijd-bcda 2
beii-bcda 2
dh-bcda 2
1231
3
bddd-bcdb 2
baci-bcdb 2
bbeb-bcdb 4
1232
4
ghb-bcdc 2
bcj-bcdc 2
bfga-bcdc 2
bccd-bcdc 2
1233
3
bbfh-bcdd 1
bagh-bcdd 1
bdid-bcdd 1
1234
5
baji-bcde 2
gic-bcde 2
cba-bcde 2
bcha-bcde 2
beje-bcde 2
1235
1
bbef-bcdf 1
1236
3
jje-bcdg 1
hjc-bcdg 1
chc-bcdg 1
1237
2
bchf-bcdh 2
faf-bcdh 2
1238
3
becb-bcdi 1
cfg-bcdi 1
hee-bcdi 1
1239
1
fdb-bcdj 1
1240
1
becb-bcea 1
1241
1
idj-bceb 1
1242
1
dgj-bcec 1
1243
1
bcjd-bced 2
1244
6
bdca-bcee 2
gdf-bcee 2
bdja-bcee 2
iai-bcee 2
ffd-bcee 2
ejh-bcee 2
1245
2
fbj-bcef 2
fbb-bcef 2
1246
1
cca-bceg 1
1247
4
bdae-bceh 2
fab-bceh 2
bbdf-bceh 2
bge-bceh 2
1248
1
bci-bcei 1
1249
3
jfh-bcej 2
ef-bcej 2
gif-bcej 2
1250
2
djh-bcfa 2
jfh-bcfa 4
1252
1
cig-bcfc 2
1253
3
jeh-bcfd 1
idg-bcfd 1
beie-bcfd 1
1254
1
jh-bcfe 2
1255
4
begg-bcff 2
ddd-bcff 2
hfh-bcff 2
iie-bcff 2
1256
2
bcje-bcfg 1
fjj-bcfg 1
1257
1
egd-bcfh 1
1258
1
ihe-bcfi 1
1259
4
jii-bcfj 1
ibc-bcfj 1
cig-bcfj 1
bchb-bcfj 1
1260
1
ghc-bcga 2
1261
2
eai-bcgb 1
jae-bcgb 1
1262
2
bahc-bcgc 1
beih-bcgc 1
1263
1
gba-bcgd 2
1264
2
bgh-bcge 2
baih-bcge 2
1265
1
bbga-bcgf 2
1266
2
beej-bcgg 1
bfhf-bcgg 2
1267
2
cbj-bcgh 2
bdjg-bcgh 2
1268
4
fca-bcgi 1
bge-bcgi 1
hce-bcgi 1
bfh-bcgi 1
1269
3
bdbg-bcgj 2
bfci-bcgj 2
beae-bcgj 2
1270
2
deh-bcha 2
dgg-bcha 2
1271
2
hhd-bchb 2
bdfj-bchb 2
1272
2
cej-bchc 1
bdb-bchc 1
1273
2
bdaf-bchd 1
jbd-bchd 1
1274
2
gcd-bche 1
becg-bche 1
1275
2
hdj-bchf 1
bfag-bchf 1
1276
4
hga-bchg 2
idc-bchg 2
bebi-bchg 2
hhj-bchg 2
1277
5
cjb-bchh 1
hhi-bchh 1
bcjj-bchh 1
bcjb-bchh 1
bbij-bchh 1
1278
2
ifh-bchi 1
bcdj-bchi 1
1279
1
jcd-bchj 1
1280
5
hhg-bcia 1
ibc-bcia 1
bgec-bcia 1
baid-bcia 1
hid-bcia 1
1281
4
bdcc-bcib 2
bje-bcib 2
bfgd-bcib 2
dde-bcib 2
1284
2
eic-bcie 2
bbgh-bcie 2
1285
2
bdjb-bcif 2
jhh-bcif 2
1286
1
fae-bcig 1
1287
1
cae-bcih 1
1288
3
cga-bcii 1
jeh-bcii 1
bafh-bcii 1
1289
1
ebd-bcij 2
1290
3
ica-bcja 2
bbfi-bcja 2
hhd-bcja 2
1291
2
dba-bcjb 2
bcaa-bcjb 2
1292
2
bbdg-bcjc 2
bbaf-bcjc 2
1293
1
hdf-bcjd 2
1294
1
bbfh-bcje 2
1295
4
dde-bcjf 1
bedc-bcjf 1
bdjc-bcjf 1
fda-bcjf 1
1296
2
jce-bcjg 2
eii-bcjg 2
1297
1
dch-bcjh 2
1298
2
ida-bcji 1
dg-bcji 1
1299
2
fig-bcjj 2
bfgi-bcjj 2
1300
3
gcj-bdaa 2
eba-bdaa 2
edh-bdaa 2
1301
2
bdib-bdab 2
iji-bdab 2
1302
2
gba-bdac 2
cgb-bdac 2
1303
3
dja-bdad 2
ch-bdad 2
jdi-bdad 2
1304
2
bahi-bdae 2
bbif-bdae 2
1305
1
ga-bdaf 2
1306
1
badg-bdag 1
1307
2
beeg-bdah 1
ibd-bdah 1
1308
2
baij-bdai 1
bajh-bdai 1
1309
2
je-bdaj 1
hed-bdaj 1
1310
1
bbch-bdba 1
1311
1
jeh-bdbb 1
1312
1
bcgf-bdbc 2
1314
1
hh-bdbe 2
1315
1
hf-bdbf 1
1316
3
hdj-bdbg 2
ddc-bdbg 2
bfii-bdbg 2
1317
1
jhg-bdbh 1
1318
2
dbc-bdbi 2
bfbc-bdbi 2
1319
4
gid-bdbj 2
dhe-bdbj 2
bbci-bdbj 2
jfa-bdbj 2
1320
1
fej-bdca 1
1321
2
cii-bdcb 1
ibj-bdcb 1
1322
2
iig-bdcc 2
bdhf-bdcc 2
1323
2
bdgd-bdcd 2
bbcb-bdcd 2
1324
1
jfc-bdce 1
1325
1
faa-bdcf 1
1326
1
bce-bdcg 1
1327
2
hgc-bdch 2
cac-bdch 2
1328
2
efh-bdci 2
ci-bdci 2
1329
2
jjc-bdcj 2
feb-bdcj 2
1330
2
bebj-bdda 2
efh-bdda 2
1331
1
bbbg-bddb 1
1333
2
daa-bddd 2
bcbf-bddd 2
1334
2
jif-bdde 2
bid-bdde 2
1335
3
bbbg-bddf 1
gig-bddf 1
bbcc-bddf 1
1336
1
badj-bddg 2
1337
1
bffa-bddh 1
1338
1
fjg-bddi 2
1339
3
bbbe-bddj 2
bcaf-bddj 2
bj-bddj 2
1340
1
dc-bdea 1
1341
2
bdif-bdeb 2
jaf-bdeb 2
1342
4
bfeg-bdec 2
ida-bdec 2
cca-bdec 2
bfaf-bdec 2
1343
2
bbbi-bded 2
befd-bded 2
1344
3
bcie-bdee 2
cgc-bdee 2
gii-bdee 2
1345
2
bbeg-bdef 2
hbe-bdef 2
1346
3
hdh-bdeg 2
iai-bdeg 2
bgfb-bdeg 2
1347
2
ecj-bdeh 1
cfc-bdeh 1
1348
1
bccd-bdei 1
1349
2
bfaa-bdej 1
jag-bdej 1
1350
3
bje-bdfa 1
jjf-bdfa 1
hdb-bdfa 1
1351
2
ijg-bdfb 2
icf-bdfb 2
1352
1
hdc-bdfc 2
1353
2
efb-bdfd 1
bec-bdfd 1
1354
2
bfeg-bdfe 2
gdf-bdfe 2
1355
1
jga-bdff 2
1356
2
bdic-bdfg 2
bib-bdfg 2
1357
2
bege-bdfh 1
bacc-bdfh 1
1358
2
becc-bdfi 2
jcf-bdfi 1
1359
2
bbjf-bdfj 2
hae-bdfj 2
1360
4
ehh-bdga 2
begc-bdga 2
ihf-bdga 2
bafa-bdga 2
1361
3
fca-bdgb 2
hig-bdgb 2
bead-bdgb 2
1362
2
bcbd-bdgc 1
eba-bdgc 1
1363
2
gga-bdgd 2
gbc-bdgd 2
1364
1
baej-bdge 2
1365
2
bfbe-bdgf 2
fcc-bdgf 2
1366
1
fbh-bdgg 2
1367
2
ghj-bdgh 1
eea-bdgh 1
1368
2
bdj-bdgi 1
bdjb-bdgi 1
1369
2
hhh-bdgj 2
bgdi-bdgj 2
1370
3
daj-bdha 2
behi-bdha 2
gfj-bdha 2
1371
2
haf-bdhb 1
hbh-bdhb 1
1372
2
bahg-bdhc 2
jei-bdhc 1
1373
2
bcbg-bdhd 2
bae-bdhd 2
1374
4
jjj-bdhe 1
baia-bdhe 1
bagb-bdhe 2
ecc-bdhe 1
1375
2
bfae-bdhf 1
bcdh-bdhf 1
1376
1
efd-bdhg 1
1377
1
bdfd-bdhh 2
1378
3
hb-bdhi 1
ihe-bdhi 1
ccf-bdhi 1
1379
1
iah-bdhj 1
1380
2
bgff-bdia 1
jgg-bdia 1
1381
1
bcfi-bdib 1
1382
1
hhg-bdic 1
1383
1
beh-bdid 1
1384
1
igc-bdie 1
1385
2
fgc-bdif 2
f-bdif 2
1386
2
bdge-bdig 2
bajc-bdig 1
1387
1
ijf-bdih 1
1388
2
fbg-bdii 2
cch-bdii 2
1389
1
fbg-bdij 2
1390
2
bdeb-bdja 1
bbhb-bdja 1
1391
1
bchd-bdjb 2
1392
2
bfbb-bdjc 1
ifh-bdjc 1
1393
1
eca-bdjd 1
1394
3
bbjb-bdje 1
bacj-bdje 1
cge-bdje 1
1395
1
jig-bdjf 1
1396
1
bdef-bdjg 2
1397
2
baj-bdjh 1
bfdf-bdjh 1
1398
1
egb-bdji 1
1399
2
cb-bdjj 1
bccf-bdjj 1
1400
2
eeb-beaa 1
bcfj-beaa 1
1401
2
bdde-beab 1
baai-beab 1
1403
2
bib-bead 2
bafg-bead 2
1404
1
bdch-beae 2
1405
1
geb-beaf 2
1406
1
cci-beag 2
1407
3
bche-beah 2
jie-beah 2
bgfc-beah 2
1408
1
ida-beai 1
1409
2
dea-beaj 1
bcea-beaj 1
1410
3
bfg-beba 1
bbcb-beba 1
bbf-beba 1
1411
1
bgf-bebb 1
1412
1
bbah-bebc 1
1413
2
babc-bebd 1
bejj-bebd 1
1414
1
bccd-bebe 2
1415
2
bbfj-bebf 2
ghb-bebf 2
1416
1
idj-bebg 1
1417
2
bbgc-bebh 1
dag-bebh 1
1418
1
fad-bebi 1
1419
1
bbec-bebj 2
1420
2
jjf-beca 1
ddg-beca 1
1421
3
bcg-becb 1
bfbj-becb 1
jed-becb 1
1422
2
haf-becc 4
bcc-becc 2
1423
2
fba-becd 1
bbii-becd 1
1424
1
fii-bece 2
1425
2
fed-becf 2
hce-becf 2
1426
1
bagi-becg 2
1427
1
dfj-bech 2
1428
1
bbgj-beci 2
1429
2
bdbi-becj 2
hec-becj 2
1430
3
bfhh-beda 2
bc-beda 2
cbd-beda 2
1431
1
bebd-bedb 2
1432
2
baic-bedc 1
bfaj-bedc 1
1433
1
ceg-bedd 2
1434
2
bbda-bede 1
hf-bede 1
1435
2
djf-bedf 1
ebh-bedf 1
1436
1
jbg-bedg 1
1437
2
bgai-bedh 2
baha-bedh 2
1438
2
bfba-bedi 2
iib-bedi 2
1439
1
igd-bedj 1
1441
2
hcf-beeb 1
bbee-beeb 1
1442
1
jba-beec 2
1443
3
dgj-beed 2
becd-beed 2
bfih-beed 2
1444
2
eff-beee 1
hhc-beee 1
1445
2
icf-beef 2
hhf-beef 2
1446
3
he-beeg 1
befc-beeg 1
bdeb-beeg 1
1447
1
bdgc-beeh 1
1448
1
bdcg-beei 2
1449
1
cge-beej 1
1450
2
cbc-befa 2
ebe-befa 2
1451
1
babd-befb 2
1452
1
bchf-befc 1
1453
3
iia-befd 1
chj-befd 1
dci-befd 1
1454
1
fif-befe 2
1455
2
fid-beff 4
hc-beff 2
1456
1
bah-befg 2
1457
1
heh-befh 2
1458
1
bahf-befi 2
1459
1
bdgc-befj 2
1460
1
gca-bega 2
1461
1
iie-begb 1
1462
2
ghf-begc 2
bgad-begc 2
1463
1
bdgi-begd 1
1464
2
bdci-bege 2
babb-bege 2
1466
2
ifb-begg 1
bfai-begg 1
1467
1
eac-begh 1
1468
1
cff-begi 2
1469
2
eef-begj 1
bbfb-begj 1
1470
3
bebd-beha 1
cji-beha 1
hcj-beha 1
1471
1
bfdh-behb 1
1472
1
ifa-behc 1
1473
1
eda-behd 1
1474
3
bgaa-behe 1
ihd-behe 1
baja-behe 1
1475
1
hdf-behf 1
1476
1
iei-behg 1
1477
1
bcgg-behh 4
1478
2
bjh-behi 1
bgde-behi 1
1479
3
ihb-behj 1
dcd-behj 1
dbd-behj 1
1480
1
ffd-beia 2
1481
1
bdaj-beib 1
1482
3
bbb-beic 1
ec-beic 1
dg-beic 1
1483
2
bdje-beid 2
iai-beid 2
1485
3
cii-beif 1
hfb-beif 1
gab-beif 2
1486
2
bedd-beig 2
baf-beig 2
1487
2
ijd-beih 4
dcc-beih 2
1488
1
cbe-beii 1
1489
2
che-beij 1
bah-beij 1
1490
1
cid-beja 1
1491
1
bace-bejb 2
1493
1
badc-bejd 2
1494
1
baag-beje 2
1495
1
jhi-bejf 1
1496
2
bcag-bejg 1
cha-bejg 1
1497
1
bdaa-bejh 2
1498
2
ifa-beji 1
dcf-beji 1
1499
1
cdg-bejj 2
1500
2
ccd-bfaa 2
bhf-bfaa 2
1501
1
fbi-bfab 1
1503
1
jhc-bfad 2
1504
3
bai-bfae 2
bfah-bfae 2
ecc-bfae 2
1505
2
hbb-bfaf 1
bedh-bfaf 1
1506
2
bdad-bfag 2
jai-bfag 2
1507
1
jbf-bfah 1
1508
1
bcaj-bfai 2
1509
1
bcjd-bfaj 2
1510
1
bdgg-bfba 2
1511
1
hda-bfbb 1
1512
1
ijd-bfbc 2
1513
3
dcg-bfbd 1
fia-bfbd 1
bbjd-bfbd 1
1514
1
behh-bfbe 1
1515
2
efe-bfbf 2
bdga-bfbf 2
1516
1
hih-bfbg 2
1518
1
jjc-bfbi 1
1519
1
beif-bfbj 1
1520
1
ghc-bfca 2
1521
3
gfa-bfcb 1
gaj-bfcb 1
bbba-bfcb 1
1522
1
gga-bfcc 2
1523
3
bdbj-bfcd 2
bcdc-bfcd 2
ggc-bfcd 2
1524
1
jh-bfce 2
1525
1
bca-bfcf 1
1526
3
cjc-bfcg 1
bfgg-bfcg 1
bgdj-bfcg 1
1527
1
bafe-bfch 2
1528
1
fjb-bfci 1
1529
2
dif-bfcj 1
gh-bfcj 1
1530
2
bgce-bfda 2
baai-bfda 2
1531
1
iih-bfdb 1
1532
1
bfbc-bfdc 2
1534
1
jgf-bfde 2
1535
1
ddf-bfdf 1
1536
1
bdfi-bfdg 4
1537
1
bdec-bfdh 1
1538
2
fgc-bfdi 2
ihc-bfdi 2
1539
2
dgg-bfdj 1
bddd-bfdj 1
1540
1
jdg-bfea 2
1541
1
ggf-bfeb 2
1542
2
edg-bfec 1
bdge-bfec 1
1543
2
iea-bfed 1
iia-bfed 1
1544
2
dae-bfee 2
fhi-bfee 2
1545
4
bgaf-bfef 2
ied-bfef 2
bgda-bfef 2
faa-bfef 2
1546
1
dfb-bfeg 1
1547
1
fdc-bfeh 1
1548
1
cbf-bfei 1
1549
1
bdia-bfej 2
1550
1
iab-bffa 2
1551
1
bda-bffb 2
1552
1
iai-bffc 2
1553
1
egi-bffd 1
1555
1
becg-bfff 1
1556
1
gci-bffg 1
1557
1
ghi-bffh 1
1558
1
ed-bffi 1
1559
1
eda-bffj 2
1560
2
dcg-bfga 2
bfj-bfga 2
1561
2
bcfj-bfgb 1
beif-bfgb 2
1562
1
bdac-bfgc 2
1563
1
ihj-bfgd 2
1564
1
chj-bfge 1
1565
2
bgga-bfgf 1
eig-bfgf 1
1566
1
ec-bfgg 2
1567
1
bbie-bfgh 2
1568
3
bgee-bfgi 2
fea-bfgi 2
bgej-bfgi 2
1570
1
cga-bfha 2
1571
1
bhg-bfhb 1
1572
1
dgd-bfhc 1
1573
1
bdgb-bfhd 2
1574
1
bfi-bfhe 4
1575
2
jjj-bfhf 2
ded-bfhf 1
1576
2
bfhi-bfhg 2
ibi-bfhg 2
1577
1
ibh-bfhh 1
1578
1
ice-bfhi 2
1579
2
gih-bfhj 2
bejj-bfhj 2
1580
1
df-bfia 2
1581
1
bdca-bfib 2
1582
2
bgfg-bfic 2
igc-bfic 2
1583
1
hfa-bfid 2
1584
1
ceh-bfie 2
1585
2
dfi-bfif 4
caa-bfif 2
1587
1
cif-bfih 2
1588
2
edc-bfii 2
hjg-bfii 2
1589
1
gih-bfij 1
1590
1
bie-bfja 1
1591
1
icj-bfjb 2
1592
1
bej-bfjc 1
1593
1
bajd-bfjd 2
1594
1
bfba-bfje 2
1595
1
cdg-bfjf 1
1596
1
bdej-bfjg 2
1597
1
bcga-bfjh 1
1599
1
hhg-bfjj 2
1600
1
bcdd-bgaa 1
1601
1
fga-bgab 2
1602
1
babg-bgac 1
1603
1
bdba-bgad 2
1604
1
bajd-bgae 2
1605
1
beab-bgaf 1
1606
1
bed-bgag 1
1607
1
bdhi-bgah 2
1608
1
baji-bgai 1
1609
1
egb-bgaj 1
1610
1
ddd-bgba 1
1611
1
dib-bgbb 2
1612
1
bba-bgbc 1
1613
2
bfb-bgbd 1
bfje-bgbd 1
1614
1
bfhe-bgbe 4
1615
1
bbfa-bgbf 1
1616
1
dff-bgbg 1
1617
2
ece-bgbh 2
bgfh-bgbh 2
1618
1
bfjc-bgbi 1
1619
1
cbj-bgbj 1
1620
1
hjh-bgca 1
1621
1
icd-bgcb 1
1622
2
dga-bgcc 2
bdbe-bgcc 2
1624
1
bacd-bgce 2
1625
1
cib-bgcf 2
1626
1
cba-bgcg 1
1627
1
cga-bgch 1
1628
2
bda-bgci 1
hje-bgci 1
1629
1
beeg-bgcj 2
1630
1
bcai-bgda 1
1631
1
jdd-bgdb 2
1632
1
gbb-bgdc 2
1633
3
bffd-bgdd 1
bhf-bgdd 1
ede-bgdd 1
1634
1
beic-bgde 2
1635
1
bbia-bgdf 1
1636
1
baf-bgdg 1
1637
1
hhh-bgdh 1
1638
2
bach-bgdi 1
jdi-bgdi 1
1639
1
jdb-bgdj 1
1640
1
bcia-bgea 2
1641
1
ega-bgeb 2
1642
2
djd-bgec 2
bacg-bgec 2
1643
1
behi-bged 1
1644
1
hjf-bgee 2
1645
1
fed-bgef 1
1646
1
baca-bgeg 1
1647
1
bece-bgeh 2
1648
1
bgca-bgei 2
1649
1
jej-bgej 1
1650
1
bddj-bgfa 2
1651
1
bhh-bgfb 1
1652
1
bfjg-bgfc 2
1653
2
gif-bgfd 2
ddb-bgfd 1
1654
1
bfcf-bgfe 2
1655
1
bcgh-bgff 1
1656
1
bce-bgfg 1
1657
1
bgbi-bgfh 2
1658
1
bie-bgfi 1
1659
1
eef-bgfj 2
1660
1
bdhi-bgga 2
1661
1
bdhg-bggb 2